<?xml version="1.0" encoding="UTF-8"?>
<TestRun id="47bd456d-225a-4423-9b4d-9dfda6d0967d" name="Josh@TOLKIEN 2011-09-30 23:28:15" runUser="Tolkien\Josh" xmlns="http://microsoft.com/schemas/VisualStudio/TeamTest/2006">
  <TestRunConfiguration name="Local Test Run" id="8ba3157e-c793-4762-8e20-abcfc481c21a">
    <Description>This is a default test run configuration for a local test run.</Description>
    <Deployment runDeploymentRoot="C:\Develop\Budgeteer\TestResults\Josh_TOLKIEN 2011-09-30 23_28_15" />
    <TestTypeSpecific />
  </TestRunConfiguration>
  <ResultSummary outcome="Error">
    <Counters total="151" executed="43" passed="22" error="0" failed="19" timeout="0" aborted="1" inconclusive="1" passedButRunAborted="0" notRunnable="0" notExecuted="108" disconnected="0" warning="0" completed="0" inProgress="0" pending="0" />
    <RunInfos>
      <RunInfo computerName="TOLKIEN" outcome="Error" timestamp="2011-09-30T23:28:46.2036190-04:00">
        <Text>Test host process exited unexpectedly.</Text>
      </RunInfo>
    </RunInfos>
  </ResultSummary>
  <Times creation="2011-09-30T23:28:15.7088748-04:00" queuing="2011-09-30T23:28:36.2390491-04:00" start="2011-09-30T23:28:36.5210652-04:00" finish="2011-09-30T23:28:46.2166198-04:00" />
  <TestDefinitions>
    <UnitTest name="addUserEmailAddressNothing" storage="c:\develop\budgeteer\budgeteerbusiness.test\bin\release\budgeteerbusiness.test.dll" id="90f48b05-4d4f-7605-cb20-2be7d7f85e69">
      <Css projectStructure="" iteration="" />
      <Owners>
        <Owner name="" />
      </Owners>
      <TestMethod codeBase="C:\Develop\Budgeteer\BudgeteerBusiness.Test\bin\Release\BudgeteerBusiness.Test.dll" adapterTypeName="Microsoft.VisualStudio.TestTools.TestTypes.Unit.UnitTestAdapter, Microsoft.VisualStudio.QualityTools.Tips.UnitTest.Adapter, Version=9.0.0.0, Culture=neutral, PublicKeyToken=b03f5f7f11d50a3a" className="BudgeteerBusiness.Test.UserTest, BudgeteerBusiness.Test" name="addUserEmailAddressNothing" />
    </UnitTest>
    <UnitTest name="addCategoryDescriptionMaxLen" storage="c:\develop\budgeteer\budgeteerbusiness.test\bin\release\budgeteerbusiness.test.dll" id="58a09de1-5830-1f36-c16c-3939c3e6e900">
      <Css projectStructure="" iteration="" />
      <Owners>
        <Owner name="" />
      </Owners>
      <TestMethod codeBase="C:\Develop\Budgeteer\BudgeteerBusiness.Test\bin\Release\BudgeteerBusiness.Test.dll" adapterTypeName="Microsoft.VisualStudio.TestTools.TestTypes.Unit.UnitTestAdapter, Microsoft.VisualStudio.QualityTools.Tips.UnitTest.Adapter, Version=9.0.0.0, Culture=neutral, PublicKeyToken=b03f5f7f11d50a3a" className="BudgeteerBusiness.Test.CategoryTest, BudgeteerBusiness.Test" name="addCategoryDescriptionMaxLen" />
    </UnitTest>
    <UnitTest name="getUserUserIDMaxLen" storage="c:\develop\budgeteer\budgeteerbusiness.test\bin\release\budgeteerbusiness.test.dll" id="538dbcae-3613-3ec0-5462-011bbcef1f66">
      <Css projectStructure="" iteration="" />
      <Owners>
        <Owner name="" />
      </Owners>
      <TestMethod codeBase="C:\Develop\Budgeteer\BudgeteerBusiness.Test\bin\Release\BudgeteerBusiness.Test.dll" adapterTypeName="Microsoft.VisualStudio.TestTools.TestTypes.Unit.UnitTestAdapter, Microsoft.VisualStudio.QualityTools.Tips.UnitTest.Adapter, Version=9.0.0.0, Culture=neutral, PublicKeyToken=b03f5f7f11d50a3a" className="BudgeteerBusiness.Test.UserTest, BudgeteerBusiness.Test" name="getUserUserIDMaxLen" />
    </UnitTest>
    <UnitTest name="AddAccountTest" storage="c:\develop\budgeteer\budgeteerbusiness.test\bin\release\budgeteerbusiness.test.dll" id="8dcb2405-5c91-c749-7201-777f5347a181">
      <Css projectStructure="" iteration="" />
      <Owners>
        <Owner name="" />
      </Owners>
      <Execution id="510a951a-132d-4c0d-b1f5-c9be018b1056" />
      <TestMethod codeBase="C:\Develop\Budgeteer\BudgeteerBusiness.Test\bin\Release\BudgeteerBusiness.Test.dll" adapterTypeName="Microsoft.VisualStudio.TestTools.TestTypes.Unit.UnitTestAdapter, Microsoft.VisualStudio.QualityTools.Tips.UnitTest.Adapter, Version=9.0.0.0, Culture=neutral, PublicKeyToken=b03f5f7f11d50a3a" className="BudgeteerBusiness.Test.BankAccountTest, BudgeteerBusiness.Test" name="AddAccountTest" />
    </UnitTest>
    <UnitTest name="getSettingsUserIDBlank" storage="c:\develop\budgeteer\budgeteerbusiness.test\bin\release\budgeteerbusiness.test.dll" id="8cd615c6-e162-c613-892a-65fc09419773">
      <Css projectStructure="" iteration="" />
      <Owners>
        <Owner name="" />
      </Owners>
      <Execution id="609fd9dc-40b1-489d-a24b-46f5f2cb3ba1" />
      <TestMethod codeBase="C:\Develop\Budgeteer\BudgeteerBusiness.Test\bin\Release\BudgeteerBusiness.Test.dll" adapterTypeName="Microsoft.VisualStudio.TestTools.TestTypes.Unit.UnitTestAdapter, Microsoft.VisualStudio.QualityTools.Tips.UnitTest.Adapter, Version=9.0.0.0, Culture=neutral, PublicKeyToken=b03f5f7f11d50a3a" className="BudgeteerBusiness.Test.ApplicationSettingTest, BudgeteerBusiness.Test" name="getSettingsUserIDBlank" />
    </UnitTest>
    <UnitTest name="updateSubcategoryDescriptionMaxLen" storage="c:\develop\budgeteer\budgeteerbusiness.test\bin\release\budgeteerbusiness.test.dll" id="2a218d4d-f796-c1d6-fb62-a245094f3715">
      <Css projectStructure="" iteration="" />
      <Owners>
        <Owner name="" />
      </Owners>
      <TestMethod codeBase="C:\Develop\Budgeteer\BudgeteerBusiness.Test\bin\Release\BudgeteerBusiness.Test.dll" adapterTypeName="Microsoft.VisualStudio.TestTools.TestTypes.Unit.UnitTestAdapter, Microsoft.VisualStudio.QualityTools.Tips.UnitTest.Adapter, Version=9.0.0.0, Culture=neutral, PublicKeyToken=b03f5f7f11d50a3a" className="BudgeteerBusiness.Test.SubcategoryTest, BudgeteerBusiness.Test" name="updateSubcategoryDescriptionMaxLen" />
    </UnitTest>
    <UnitTest name="addSubcategoryDescriptionMaxLen" storage="c:\develop\budgeteer\budgeteerbusiness.test\bin\release\budgeteerbusiness.test.dll" id="bbfe51fd-ce1b-3e52-a251-5d90aeb6a97a">
      <Css projectStructure="" iteration="" />
      <Owners>
        <Owner name="" />
      </Owners>
      <TestMethod codeBase="C:\Develop\Budgeteer\BudgeteerBusiness.Test\bin\Release\BudgeteerBusiness.Test.dll" adapterTypeName="Microsoft.VisualStudio.TestTools.TestTypes.Unit.UnitTestAdapter, Microsoft.VisualStudio.QualityTools.Tips.UnitTest.Adapter, Version=9.0.0.0, Culture=neutral, PublicKeyToken=b03f5f7f11d50a3a" className="BudgeteerBusiness.Test.SubcategoryTest, BudgeteerBusiness.Test" name="addSubcategoryDescriptionMaxLen" />
    </UnitTest>
    <UnitTest name="getTransactionsTest" storage="c:\develop\budgeteer\budgeteerbusiness.test\bin\release\budgeteerbusiness.test.dll" id="0c74f04e-4ac5-b7a6-358f-741d4d504a08">
      <Css projectStructure="" iteration="" />
      <Owners>
        <Owner name="" />
      </Owners>
      <TestMethod codeBase="C:\Develop\Budgeteer\BudgeteerBusiness.Test\bin\Release\BudgeteerBusiness.Test.dll" adapterTypeName="Microsoft.VisualStudio.TestTools.TestTypes.Unit.UnitTestAdapter, Microsoft.VisualStudio.QualityTools.Tips.UnitTest.Adapter, Version=9.0.0.0, Culture=neutral, PublicKeyToken=b03f5f7f11d50a3a" className="BudgeteerBusiness.Test.TransactionTest, BudgeteerBusiness.Test" name="getTransactionsTest" />
    </UnitTest>
    <UnitTest name="authenticateUserTest" storage="c:\develop\budgeteer\budgeteerbusiness.test\bin\release\budgeteerbusiness.test.dll" id="a2d4949d-2288-66c6-b89d-8f558bc7feba">
      <Css projectStructure="" iteration="" />
      <Owners>
        <Owner name="" />
      </Owners>
      <TestMethod codeBase="C:\Develop\Budgeteer\BudgeteerBusiness.Test\bin\Release\BudgeteerBusiness.Test.dll" adapterTypeName="Microsoft.VisualStudio.TestTools.TestTypes.Unit.UnitTestAdapter, Microsoft.VisualStudio.QualityTools.Tips.UnitTest.Adapter, Version=9.0.0.0, Culture=neutral, PublicKeyToken=b03f5f7f11d50a3a" className="BudgeteerBusiness.Test.SecurityTest, BudgeteerBusiness.Test" name="authenticateUserTest" />
    </UnitTest>
    <UnitTest name="addTransactionAccountAdjust" storage="c:\develop\budgeteer\budgeteerbusiness.test\bin\release\budgeteerbusiness.test.dll" id="4dfbf887-b7a9-b491-3023-62dba6f89178">
      <Css projectStructure="" iteration="" />
      <Owners>
        <Owner name="" />
      </Owners>
      <TestMethod codeBase="C:\Develop\Budgeteer\BudgeteerBusiness.Test\bin\Release\BudgeteerBusiness.Test.dll" adapterTypeName="Microsoft.VisualStudio.TestTools.TestTypes.Unit.UnitTestAdapter, Microsoft.VisualStudio.QualityTools.Tips.UnitTest.Adapter, Version=9.0.0.0, Culture=neutral, PublicKeyToken=b03f5f7f11d50a3a" className="BudgeteerBusiness.Test.TransactionTest, BudgeteerBusiness.Test" name="addTransactionAccountAdjust" />
    </UnitTest>
    <UnitTest name="AddBudgetFrequencyBlank" storage="c:\develop\budgeteer\budgeteerbusiness.test\bin\release\budgeteerbusiness.test.dll" id="61fdb9d7-48c5-641a-6f66-dfa77bb5a005">
      <Css projectStructure="" iteration="" />
      <Owners>
        <Owner name="" />
      </Owners>
      <Execution id="db39f7ba-e6b1-44b1-bc3e-d814d4ba6509" />
      <TestMethod codeBase="C:\Develop\Budgeteer\BudgeteerBusiness.Test\bin\Release\BudgeteerBusiness.Test.dll" adapterTypeName="Microsoft.VisualStudio.TestTools.TestTypes.Unit.UnitTestAdapter, Microsoft.VisualStudio.QualityTools.Tips.UnitTest.Adapter, Version=9.0.0.0, Culture=neutral, PublicKeyToken=b03f5f7f11d50a3a" className="BudgeteerBusiness.Test.BudgetTest, BudgeteerBusiness.Test" name="AddBudgetFrequencyBlank" />
    </UnitTest>
    <UnitTest name="updateSubcategorySinkingFundNotYOrN" storage="c:\develop\budgeteer\budgeteerbusiness.test\bin\release\budgeteerbusiness.test.dll" id="27188a8b-a7e8-3977-ee02-1bbd41b1cb1b">
      <Css projectStructure="" iteration="" />
      <Owners>
        <Owner name="" />
      </Owners>
      <TestMethod codeBase="C:\Develop\Budgeteer\BudgeteerBusiness.Test\bin\Release\BudgeteerBusiness.Test.dll" adapterTypeName="Microsoft.VisualStudio.TestTools.TestTypes.Unit.UnitTestAdapter, Microsoft.VisualStudio.QualityTools.Tips.UnitTest.Adapter, Version=9.0.0.0, Culture=neutral, PublicKeyToken=b03f5f7f11d50a3a" className="BudgeteerBusiness.Test.SubcategoryTest, BudgeteerBusiness.Test" name="updateSubcategorySinkingFundNotYOrN" />
    </UnitTest>
    <UnitTest name="getTransactionFirstYear" storage="c:\develop\budgeteer\budgeteerbusiness.test\bin\release\budgeteerbusiness.test.dll" id="9a3d0807-6457-caa6-13cd-e3a1911026ea">
      <Css projectStructure="" iteration="" />
      <Owners>
        <Owner name="" />
      </Owners>
      <TestMethod codeBase="C:\Develop\Budgeteer\BudgeteerBusiness.Test\bin\Release\BudgeteerBusiness.Test.dll" adapterTypeName="Microsoft.VisualStudio.TestTools.TestTypes.Unit.UnitTestAdapter, Microsoft.VisualStudio.QualityTools.Tips.UnitTest.Adapter, Version=9.0.0.0, Culture=neutral, PublicKeyToken=b03f5f7f11d50a3a" className="BudgeteerBusiness.Test.TransactionTest, BudgeteerBusiness.Test" name="getTransactionFirstYear" />
    </UnitTest>
    <UnitTest name="DeleteAccountTest" storage="c:\develop\budgeteer\budgeteerbusiness.test\bin\release\budgeteerbusiness.test.dll" id="b47ab333-b0fd-87a2-450b-d6079dce8ac2">
      <Css projectStructure="" iteration="" />
      <Owners>
        <Owner name="" />
      </Owners>
      <Execution id="b1c79210-b363-4623-ad00-94a44d24bb74" />
      <TestMethod codeBase="C:\Develop\Budgeteer\BudgeteerBusiness.Test\bin\Release\BudgeteerBusiness.Test.dll" adapterTypeName="Microsoft.VisualStudio.TestTools.TestTypes.Unit.UnitTestAdapter, Microsoft.VisualStudio.QualityTools.Tips.UnitTest.Adapter, Version=9.0.0.0, Culture=neutral, PublicKeyToken=b03f5f7f11d50a3a" className="BudgeteerBusiness.Test.BankAccountTest, BudgeteerBusiness.Test" name="DeleteAccountTest" />
    </UnitTest>
    <UnitTest name="addUserUserIDNothing" storage="c:\develop\budgeteer\budgeteerbusiness.test\bin\release\budgeteerbusiness.test.dll" id="0da9cb98-0025-f1cc-5c4e-78987bd1ba0a">
      <Css projectStructure="" iteration="" />
      <Owners>
        <Owner name="" />
      </Owners>
      <TestMethod codeBase="C:\Develop\Budgeteer\BudgeteerBusiness.Test\bin\Release\BudgeteerBusiness.Test.dll" adapterTypeName="Microsoft.VisualStudio.TestTools.TestTypes.Unit.UnitTestAdapter, Microsoft.VisualStudio.QualityTools.Tips.UnitTest.Adapter, Version=9.0.0.0, Culture=neutral, PublicKeyToken=b03f5f7f11d50a3a" className="BudgeteerBusiness.Test.UserTest, BudgeteerBusiness.Test" name="addUserUserIDNothing" />
    </UnitTest>
    <UnitTest name="addUserFirstNameNothing" storage="c:\develop\budgeteer\budgeteerbusiness.test\bin\release\budgeteerbusiness.test.dll" id="009665bb-5de0-8593-a32b-50bf52a35d2c">
      <Css projectStructure="" iteration="" />
      <Owners>
        <Owner name="" />
      </Owners>
      <TestMethod codeBase="C:\Develop\Budgeteer\BudgeteerBusiness.Test\bin\Release\BudgeteerBusiness.Test.dll" adapterTypeName="Microsoft.VisualStudio.TestTools.TestTypes.Unit.UnitTestAdapter, Microsoft.VisualStudio.QualityTools.Tips.UnitTest.Adapter, Version=9.0.0.0, Culture=neutral, PublicKeyToken=b03f5f7f11d50a3a" className="BudgeteerBusiness.Test.UserTest, BudgeteerBusiness.Test" name="addUserFirstNameNothing" />
    </UnitTest>
    <UnitTest name="addSubcategorySubcategoryNothing" storage="c:\develop\budgeteer\budgeteerbusiness.test\bin\release\budgeteerbusiness.test.dll" id="f627b55d-1ae3-286c-f067-07f1ac287750">
      <Css projectStructure="" iteration="" />
      <Owners>
        <Owner name="" />
      </Owners>
      <TestMethod codeBase="C:\Develop\Budgeteer\BudgeteerBusiness.Test\bin\Release\BudgeteerBusiness.Test.dll" adapterTypeName="Microsoft.VisualStudio.TestTools.TestTypes.Unit.UnitTestAdapter, Microsoft.VisualStudio.QualityTools.Tips.UnitTest.Adapter, Version=9.0.0.0, Culture=neutral, PublicKeyToken=b03f5f7f11d50a3a" className="BudgeteerBusiness.Test.SubcategoryTest, BudgeteerBusiness.Test" name="addSubcategorySubcategoryNothing" />
    </UnitTest>
    <UnitTest name="UpdateBudgetTest" storage="c:\develop\budgeteer\budgeteerbusiness.test\bin\release\budgeteerbusiness.test.dll" id="4a8176c5-a77c-0df9-87fa-be9df67b74cb">
      <Css projectStructure="" iteration="" />
      <Owners>
        <Owner name="" />
      </Owners>
      <TestMethod codeBase="C:\Develop\Budgeteer\BudgeteerBusiness.Test\bin\Release\BudgeteerBusiness.Test.dll" adapterTypeName="Microsoft.VisualStudio.TestTools.TestTypes.Unit.UnitTestAdapter, Microsoft.VisualStudio.QualityTools.Tips.UnitTest.Adapter, Version=9.0.0.0, Culture=neutral, PublicKeyToken=b03f5f7f11d50a3a" className="BudgeteerBusiness.Test.BudgetTest, BudgeteerBusiness.Test" name="UpdateBudgetTest" />
    </UnitTest>
    <UnitTest name="deleteFrequencyTest" storage="c:\develop\budgeteer\budgeteerbusiness.test\bin\release\budgeteerbusiness.test.dll" id="83c6509b-b125-a15a-14be-8af19ed1aed9">
      <Css projectStructure="" iteration="" />
      <Owners>
        <Owner name="" />
      </Owners>
      <TestMethod codeBase="C:\Develop\Budgeteer\BudgeteerBusiness.Test\bin\Release\BudgeteerBusiness.Test.dll" adapterTypeName="Microsoft.VisualStudio.TestTools.TestTypes.Unit.UnitTestAdapter, Microsoft.VisualStudio.QualityTools.Tips.UnitTest.Adapter, Version=9.0.0.0, Culture=neutral, PublicKeyToken=b03f5f7f11d50a3a" className="BudgeteerBusiness.Test.FrequencyTest, BudgeteerBusiness.Test" name="deleteFrequencyTest" />
    </UnitTest>
    <UnitTest name="updateFrequencyDescriptionNothing" storage="c:\develop\budgeteer\budgeteerbusiness.test\bin\release\budgeteerbusiness.test.dll" id="a4fa7f01-082a-f733-8a2d-b25ea8023d30">
      <Css projectStructure="" iteration="" />
      <Owners>
        <Owner name="" />
      </Owners>
      <TestMethod codeBase="C:\Develop\Budgeteer\BudgeteerBusiness.Test\bin\Release\BudgeteerBusiness.Test.dll" adapterTypeName="Microsoft.VisualStudio.TestTools.TestTypes.Unit.UnitTestAdapter, Microsoft.VisualStudio.QualityTools.Tips.UnitTest.Adapter, Version=9.0.0.0, Culture=neutral, PublicKeyToken=b03f5f7f11d50a3a" className="BudgeteerBusiness.Test.FrequencyTest, BudgeteerBusiness.Test" name="updateFrequencyDescriptionNothing" />
    </UnitTest>
    <UnitTest name="updateCategoryCategoryIDNothing" storage="c:\develop\budgeteer\budgeteerbusiness.test\bin\release\budgeteerbusiness.test.dll" id="a8ff8f1a-6307-d134-859e-78279102c9ce">
      <Css projectStructure="" iteration="" />
      <Owners>
        <Owner name="" />
      </Owners>
      <TestMethod codeBase="C:\Develop\Budgeteer\BudgeteerBusiness.Test\bin\Release\BudgeteerBusiness.Test.dll" adapterTypeName="Microsoft.VisualStudio.TestTools.TestTypes.Unit.UnitTestAdapter, Microsoft.VisualStudio.QualityTools.Tips.UnitTest.Adapter, Version=9.0.0.0, Culture=neutral, PublicKeyToken=b03f5f7f11d50a3a" className="BudgeteerBusiness.Test.CategoryTest, BudgeteerBusiness.Test" name="updateCategoryCategoryIDNothing" />
    </UnitTest>
    <UnitTest name="AccountUpdateTest" storage="c:\develop\budgeteer\budgeteerbusiness.test\bin\release\budgeteerbusiness.test.dll" id="acd7067b-97cd-802a-af1a-b1adb9e60800">
      <Css projectStructure="" iteration="" />
      <Owners>
        <Owner name="" />
      </Owners>
      <Execution id="fde8a5f5-306b-4a8e-8648-be3963d18916" />
      <TestMethod codeBase="C:\Develop\Budgeteer\BudgeteerBusiness.Test\bin\Release\BudgeteerBusiness.Test.dll" adapterTypeName="Microsoft.VisualStudio.TestTools.TestTypes.Unit.UnitTestAdapter, Microsoft.VisualStudio.QualityTools.Tips.UnitTest.Adapter, Version=9.0.0.0, Culture=neutral, PublicKeyToken=b03f5f7f11d50a3a" className="BudgeteerBusiness.Test.BankAccountTest, BudgeteerBusiness.Test" name="AccountUpdateTest" />
    </UnitTest>
    <UnitTest name="addCategoryTest" storage="c:\develop\budgeteer\budgeteerbusiness.test\bin\release\budgeteerbusiness.test.dll" id="28a40b92-ebf0-3021-bfd0-8669c95f701b">
      <Css projectStructure="" iteration="" />
      <Owners>
        <Owner name="" />
      </Owners>
      <TestMethod codeBase="C:\Develop\Budgeteer\BudgeteerBusiness.Test\bin\Release\BudgeteerBusiness.Test.dll" adapterTypeName="Microsoft.VisualStudio.TestTools.TestTypes.Unit.UnitTestAdapter, Microsoft.VisualStudio.QualityTools.Tips.UnitTest.Adapter, Version=9.0.0.0, Culture=neutral, PublicKeyToken=b03f5f7f11d50a3a" className="BudgeteerBusiness.Test.CategoryTest, BudgeteerBusiness.Test" name="addCategoryTest" />
    </UnitTest>
    <UnitTest name="AddBudgetTest" storage="c:\develop\budgeteer\budgeteerbusiness.test\bin\release\budgeteerbusiness.test.dll" id="ec84c0d8-8089-6d3c-3b32-6d388f8132a6">
      <Css projectStructure="" iteration="" />
      <Owners>
        <Owner name="" />
      </Owners>
      <Execution id="5cf0fac1-902c-4a9c-9b59-0da1c2347684" />
      <TestMethod codeBase="C:\Develop\Budgeteer\BudgeteerBusiness.Test\bin\Release\BudgeteerBusiness.Test.dll" adapterTypeName="Microsoft.VisualStudio.TestTools.TestTypes.Unit.UnitTestAdapter, Microsoft.VisualStudio.QualityTools.Tips.UnitTest.Adapter, Version=9.0.0.0, Culture=neutral, PublicKeyToken=b03f5f7f11d50a3a" className="BudgeteerBusiness.Test.BudgetTest, BudgeteerBusiness.Test" name="AddBudgetTest" />
    </UnitTest>
    <UnitTest name="setSettingSettingBlank" storage="c:\develop\budgeteer\budgeteerbusiness.test\bin\release\budgeteerbusiness.test.dll" id="83dddd9a-5fdf-d50e-591b-83ffd2e26894">
      <Css projectStructure="" iteration="" />
      <Owners>
        <Owner name="" />
      </Owners>
      <Execution id="b0f6f607-9c57-44a9-9da5-72f2c2cf6c3f" />
      <TestMethod codeBase="C:\Develop\Budgeteer\BudgeteerBusiness.Test\bin\Release\BudgeteerBusiness.Test.dll" adapterTypeName="Microsoft.VisualStudio.TestTools.TestTypes.Unit.UnitTestAdapter, Microsoft.VisualStudio.QualityTools.Tips.UnitTest.Adapter, Version=9.0.0.0, Culture=neutral, PublicKeyToken=b03f5f7f11d50a3a" className="BudgeteerBusiness.Test.ApplicationSettingTest, BudgeteerBusiness.Test" name="setSettingSettingBlank" />
    </UnitTest>
    <UnitTest name="AddAccountAccountNameNothing" storage="c:\develop\budgeteer\budgeteerbusiness.test\bin\release\budgeteerbusiness.test.dll" id="76e91602-d7b1-974d-3752-f1032f6e14fd">
      <Css projectStructure="" iteration="" />
      <Owners>
        <Owner name="" />
      </Owners>
      <Execution id="a97d2301-40b1-498a-b629-db4b3284caec" />
      <TestMethod codeBase="C:\Develop\Budgeteer\BudgeteerBusiness.Test\bin\Release\BudgeteerBusiness.Test.dll" adapterTypeName="Microsoft.VisualStudio.TestTools.TestTypes.Unit.UnitTestAdapter, Microsoft.VisualStudio.QualityTools.Tips.UnitTest.Adapter, Version=9.0.0.0, Culture=neutral, PublicKeyToken=b03f5f7f11d50a3a" className="BudgeteerBusiness.Test.BankAccountTest, BudgeteerBusiness.Test" name="AddAccountAccountNameNothing" />
    </UnitTest>
    <UnitTest name="AccountUpdateAccountNumberMaxLen" storage="c:\develop\budgeteer\budgeteerbusiness.test\bin\release\budgeteerbusiness.test.dll" id="fd0567ca-ebac-cdf4-0d35-eaae1abf4f60">
      <Css projectStructure="" iteration="" />
      <Owners>
        <Owner name="" />
      </Owners>
      <Execution id="9e326f27-8451-4cbe-a912-cc6d5de90edf" />
      <TestMethod codeBase="C:\Develop\Budgeteer\BudgeteerBusiness.Test\bin\Release\BudgeteerBusiness.Test.dll" adapterTypeName="Microsoft.VisualStudio.TestTools.TestTypes.Unit.UnitTestAdapter, Microsoft.VisualStudio.QualityTools.Tips.UnitTest.Adapter, Version=9.0.0.0, Culture=neutral, PublicKeyToken=b03f5f7f11d50a3a" className="BudgeteerBusiness.Test.BankAccountTest, BudgeteerBusiness.Test" name="AccountUpdateAccountNumberMaxLen" />
    </UnitTest>
    <UnitTest name="addSubcategoryTest" storage="c:\develop\budgeteer\budgeteerbusiness.test\bin\release\budgeteerbusiness.test.dll" id="6c1d12e8-2a89-22ef-766d-cb51fcbbb230">
      <Css projectStructure="" iteration="" />
      <Owners>
        <Owner name="" />
      </Owners>
      <TestMethod codeBase="C:\Develop\Budgeteer\BudgeteerBusiness.Test\bin\Release\BudgeteerBusiness.Test.dll" adapterTypeName="Microsoft.VisualStudio.TestTools.TestTypes.Unit.UnitTestAdapter, Microsoft.VisualStudio.QualityTools.Tips.UnitTest.Adapter, Version=9.0.0.0, Culture=neutral, PublicKeyToken=b03f5f7f11d50a3a" className="BudgeteerBusiness.Test.SubcategoryTest, BudgeteerBusiness.Test" name="addSubcategoryTest" />
    </UnitTest>
    <UnitTest name="updateTransactionTest" storage="c:\develop\budgeteer\budgeteerbusiness.test\bin\release\budgeteerbusiness.test.dll" id="1ce94126-b660-0ac9-06d3-af2dd6c473a7">
      <Css projectStructure="" iteration="" />
      <Owners>
        <Owner name="" />
      </Owners>
      <TestMethod codeBase="C:\Develop\Budgeteer\BudgeteerBusiness.Test\bin\Release\BudgeteerBusiness.Test.dll" adapterTypeName="Microsoft.VisualStudio.TestTools.TestTypes.Unit.UnitTestAdapter, Microsoft.VisualStudio.QualityTools.Tips.UnitTest.Adapter, Version=9.0.0.0, Culture=neutral, PublicKeyToken=b03f5f7f11d50a3a" className="BudgeteerBusiness.Test.TransactionTest, BudgeteerBusiness.Test" name="updateTransactionTest" />
    </UnitTest>
    <UnitTest name="addCategoryUserIDNothing" storage="c:\develop\budgeteer\budgeteerbusiness.test\bin\release\budgeteerbusiness.test.dll" id="532e8336-e148-b747-29ed-96f8fa85edc7">
      <Css projectStructure="" iteration="" />
      <Owners>
        <Owner name="" />
      </Owners>
      <TestMethod codeBase="C:\Develop\Budgeteer\BudgeteerBusiness.Test\bin\Release\BudgeteerBusiness.Test.dll" adapterTypeName="Microsoft.VisualStudio.TestTools.TestTypes.Unit.UnitTestAdapter, Microsoft.VisualStudio.QualityTools.Tips.UnitTest.Adapter, Version=9.0.0.0, Culture=neutral, PublicKeyToken=b03f5f7f11d50a3a" className="BudgeteerBusiness.Test.CategoryTest, BudgeteerBusiness.Test" name="addCategoryUserIDNothing" />
    </UnitTest>
    <UnitTest name="addTransactionDateNothing" storage="c:\develop\budgeteer\budgeteerbusiness.test\bin\release\budgeteerbusiness.test.dll" id="d9c74070-150a-6459-f8b5-cd6b0de2b4ec">
      <Css projectStructure="" iteration="" />
      <Owners>
        <Owner name="" />
      </Owners>
      <TestMethod codeBase="C:\Develop\Budgeteer\BudgeteerBusiness.Test\bin\Release\BudgeteerBusiness.Test.dll" adapterTypeName="Microsoft.VisualStudio.TestTools.TestTypes.Unit.UnitTestAdapter, Microsoft.VisualStudio.QualityTools.Tips.UnitTest.Adapter, Version=9.0.0.0, Culture=neutral, PublicKeyToken=b03f5f7f11d50a3a" className="BudgeteerBusiness.Test.TransactionTest, BudgeteerBusiness.Test" name="addTransactionDateNothing" />
    </UnitTest>
    <UnitTest name="AddAccountAccountNameMaxLen" storage="c:\develop\budgeteer\budgeteerbusiness.test\bin\release\budgeteerbusiness.test.dll" id="6f61982a-b51b-27fe-1f93-482011c4b473">
      <Css projectStructure="" iteration="" />
      <Owners>
        <Owner name="" />
      </Owners>
      <Execution id="de4c48a5-a12f-427d-846f-2fea4b8ed884" />
      <TestMethod codeBase="C:\Develop\Budgeteer\BudgeteerBusiness.Test\bin\Release\BudgeteerBusiness.Test.dll" adapterTypeName="Microsoft.VisualStudio.TestTools.TestTypes.Unit.UnitTestAdapter, Microsoft.VisualStudio.QualityTools.Tips.UnitTest.Adapter, Version=9.0.0.0, Culture=neutral, PublicKeyToken=b03f5f7f11d50a3a" className="BudgeteerBusiness.Test.BankAccountTest, BudgeteerBusiness.Test" name="AddAccountAccountNameMaxLen" />
    </UnitTest>
    <UnitTest name="updateCategoryTest" storage="c:\develop\budgeteer\budgeteerbusiness.test\bin\release\budgeteerbusiness.test.dll" id="8fc9d453-58a3-7668-636c-73ada71a9a28">
      <Css projectStructure="" iteration="" />
      <Owners>
        <Owner name="" />
      </Owners>
      <TestMethod codeBase="C:\Develop\Budgeteer\BudgeteerBusiness.Test\bin\Release\BudgeteerBusiness.Test.dll" adapterTypeName="Microsoft.VisualStudio.TestTools.TestTypes.Unit.UnitTestAdapter, Microsoft.VisualStudio.QualityTools.Tips.UnitTest.Adapter, Version=9.0.0.0, Culture=neutral, PublicKeyToken=b03f5f7f11d50a3a" className="BudgeteerBusiness.Test.CategoryTest, BudgeteerBusiness.Test" name="updateCategoryTest" />
    </UnitTest>
    <UnitTest name="addTransactionDescriptionNothing" storage="c:\develop\budgeteer\budgeteerbusiness.test\bin\release\budgeteerbusiness.test.dll" id="da27e590-9f13-60c6-1ba7-9957aed51717">
      <Css projectStructure="" iteration="" />
      <Owners>
        <Owner name="" />
      </Owners>
      <TestMethod codeBase="C:\Develop\Budgeteer\BudgeteerBusiness.Test\bin\Release\BudgeteerBusiness.Test.dll" adapterTypeName="Microsoft.VisualStudio.TestTools.TestTypes.Unit.UnitTestAdapter, Microsoft.VisualStudio.QualityTools.Tips.UnitTest.Adapter, Version=9.0.0.0, Culture=neutral, PublicKeyToken=b03f5f7f11d50a3a" className="BudgeteerBusiness.Test.TransactionTest, BudgeteerBusiness.Test" name="addTransactionDescriptionNothing" />
    </UnitTest>
    <UnitTest name="UpdateBudgetStartDateBlank" storage="c:\develop\budgeteer\budgeteerbusiness.test\bin\release\budgeteerbusiness.test.dll" id="b7f0e8a2-8926-f837-3cda-c1c849c6826c">
      <Css projectStructure="" iteration="" />
      <Owners>
        <Owner name="" />
      </Owners>
      <TestMethod codeBase="C:\Develop\Budgeteer\BudgeteerBusiness.Test\bin\Release\BudgeteerBusiness.Test.dll" adapterTypeName="Microsoft.VisualStudio.TestTools.TestTypes.Unit.UnitTestAdapter, Microsoft.VisualStudio.QualityTools.Tips.UnitTest.Adapter, Version=9.0.0.0, Culture=neutral, PublicKeyToken=b03f5f7f11d50a3a" className="BudgeteerBusiness.Test.BudgetTest, BudgeteerBusiness.Test" name="UpdateBudgetStartDateBlank" />
    </UnitTest>
    <UnitTest name="updateSubcategoryTest" storage="c:\develop\budgeteer\budgeteerbusiness.test\bin\release\budgeteerbusiness.test.dll" id="bedc9ca5-0715-f75f-5275-d225bacd5374">
      <Css projectStructure="" iteration="" />
      <Owners>
        <Owner name="" />
      </Owners>
      <TestMethod codeBase="C:\Develop\Budgeteer\BudgeteerBusiness.Test\bin\Release\BudgeteerBusiness.Test.dll" adapterTypeName="Microsoft.VisualStudio.TestTools.TestTypes.Unit.UnitTestAdapter, Microsoft.VisualStudio.QualityTools.Tips.UnitTest.Adapter, Version=9.0.0.0, Culture=neutral, PublicKeyToken=b03f5f7f11d50a3a" className="BudgeteerBusiness.Test.SubcategoryTest, BudgeteerBusiness.Test" name="updateSubcategoryTest" />
    </UnitTest>
    <UnitTest name="addUserLastNameMaxLen" storage="c:\develop\budgeteer\budgeteerbusiness.test\bin\release\budgeteerbusiness.test.dll" id="d34b29c4-f075-6bcd-bac5-00d2275289a2">
      <Css projectStructure="" iteration="" />
      <Owners>
        <Owner name="" />
      </Owners>
      <TestMethod codeBase="C:\Develop\Budgeteer\BudgeteerBusiness.Test\bin\Release\BudgeteerBusiness.Test.dll" adapterTypeName="Microsoft.VisualStudio.TestTools.TestTypes.Unit.UnitTestAdapter, Microsoft.VisualStudio.QualityTools.Tips.UnitTest.Adapter, Version=9.0.0.0, Culture=neutral, PublicKeyToken=b03f5f7f11d50a3a" className="BudgeteerBusiness.Test.UserTest, BudgeteerBusiness.Test" name="addUserLastNameMaxLen" />
    </UnitTest>
    <UnitTest name="updateUserEmailAddressEmailNothing" storage="c:\develop\budgeteer\budgeteerbusiness.test\bin\release\budgeteerbusiness.test.dll" id="80c414af-5874-d05b-df07-60a9f219452e">
      <Css projectStructure="" iteration="" />
      <Owners>
        <Owner name="" />
      </Owners>
      <TestMethod codeBase="C:\Develop\Budgeteer\BudgeteerBusiness.Test\bin\Release\BudgeteerBusiness.Test.dll" adapterTypeName="Microsoft.VisualStudio.TestTools.TestTypes.Unit.UnitTestAdapter, Microsoft.VisualStudio.QualityTools.Tips.UnitTest.Adapter, Version=9.0.0.0, Culture=neutral, PublicKeyToken=b03f5f7f11d50a3a" className="BudgeteerBusiness.Test.UserTest, BudgeteerBusiness.Test" name="updateUserEmailAddressEmailNothing" />
    </UnitTest>
    <UnitTest name="updateUserPasswordPasswordMaxLen" storage="c:\develop\budgeteer\budgeteerbusiness.test\bin\release\budgeteerbusiness.test.dll" id="284bf1a9-75d1-2878-109e-644bc848b2b3">
      <Css projectStructure="" iteration="" />
      <Owners>
        <Owner name="" />
      </Owners>
      <TestMethod codeBase="C:\Develop\Budgeteer\BudgeteerBusiness.Test\bin\Release\BudgeteerBusiness.Test.dll" adapterTypeName="Microsoft.VisualStudio.TestTools.TestTypes.Unit.UnitTestAdapter, Microsoft.VisualStudio.QualityTools.Tips.UnitTest.Adapter, Version=9.0.0.0, Culture=neutral, PublicKeyToken=b03f5f7f11d50a3a" className="BudgeteerBusiness.Test.UserTest, BudgeteerBusiness.Test" name="updateUserPasswordPasswordMaxLen" />
    </UnitTest>
    <UnitTest name="deleteBudgetBudgetIDBlank" storage="c:\develop\budgeteer\budgeteerbusiness.test\bin\release\budgeteerbusiness.test.dll" id="799311e6-1da3-8fae-d135-4dafc9b3c1eb">
      <Css projectStructure="" iteration="" />
      <Owners>
        <Owner name="" />
      </Owners>
      <TestMethod codeBase="C:\Develop\Budgeteer\BudgeteerBusiness.Test\bin\Release\BudgeteerBusiness.Test.dll" adapterTypeName="Microsoft.VisualStudio.TestTools.TestTypes.Unit.UnitTestAdapter, Microsoft.VisualStudio.QualityTools.Tips.UnitTest.Adapter, Version=9.0.0.0, Culture=neutral, PublicKeyToken=b03f5f7f11d50a3a" className="BudgeteerBusiness.Test.BudgetTest, BudgeteerBusiness.Test" name="deleteBudgetBudgetIDBlank" />
    </UnitTest>
    <UnitTest name="updateUserPasswordPasswordNothing" storage="c:\develop\budgeteer\budgeteerbusiness.test\bin\release\budgeteerbusiness.test.dll" id="96ea8a44-4a4b-1549-f98e-7f968bf38c44">
      <Css projectStructure="" iteration="" />
      <Owners>
        <Owner name="" />
      </Owners>
      <TestMethod codeBase="C:\Develop\Budgeteer\BudgeteerBusiness.Test\bin\Release\BudgeteerBusiness.Test.dll" adapterTypeName="Microsoft.VisualStudio.TestTools.TestTypes.Unit.UnitTestAdapter, Microsoft.VisualStudio.QualityTools.Tips.UnitTest.Adapter, Version=9.0.0.0, Culture=neutral, PublicKeyToken=b03f5f7f11d50a3a" className="BudgeteerBusiness.Test.UserTest, BudgeteerBusiness.Test" name="updateUserPasswordPasswordNothing" />
    </UnitTest>
    <UnitTest name="AddBudgetBudgetNothing" storage="c:\develop\budgeteer\budgeteerbusiness.test\bin\release\budgeteerbusiness.test.dll" id="051888c9-8a45-0bb7-a0d4-714b442283af">
      <Css projectStructure="" iteration="" />
      <Owners>
        <Owner name="" />
      </Owners>
      <Execution id="b05be900-5b43-42dd-8869-49fc7a8c08cf" />
      <TestMethod codeBase="C:\Develop\Budgeteer\BudgeteerBusiness.Test\bin\Release\BudgeteerBusiness.Test.dll" adapterTypeName="Microsoft.VisualStudio.TestTools.TestTypes.Unit.UnitTestAdapter, Microsoft.VisualStudio.QualityTools.Tips.UnitTest.Adapter, Version=9.0.0.0, Culture=neutral, PublicKeyToken=b03f5f7f11d50a3a" className="BudgeteerBusiness.Test.BudgetTest, BudgeteerBusiness.Test" name="AddBudgetBudgetNothing" />
    </UnitTest>
    <UnitTest name="getSubcategoriesTest" storage="c:\develop\budgeteer\budgeteerbusiness.test\bin\release\budgeteerbusiness.test.dll" id="c962f176-0e46-6e6a-64e1-773767b2a92e">
      <Css projectStructure="" iteration="" />
      <Owners>
        <Owner name="" />
      </Owners>
      <TestMethod codeBase="C:\Develop\Budgeteer\BudgeteerBusiness.Test\bin\Release\BudgeteerBusiness.Test.dll" adapterTypeName="Microsoft.VisualStudio.TestTools.TestTypes.Unit.UnitTestAdapter, Microsoft.VisualStudio.QualityTools.Tips.UnitTest.Adapter, Version=9.0.0.0, Culture=neutral, PublicKeyToken=b03f5f7f11d50a3a" className="BudgeteerBusiness.Test.SubcategoryTest, BudgeteerBusiness.Test" name="getSubcategoriesTest" />
    </UnitTest>
    <UnitTest name="updateFrequencyDescriptionMaxLen" storage="c:\develop\budgeteer\budgeteerbusiness.test\bin\release\budgeteerbusiness.test.dll" id="38af75c1-03ea-b909-29fa-879e4a97d0ad">
      <Css projectStructure="" iteration="" />
      <Owners>
        <Owner name="" />
      </Owners>
      <TestMethod codeBase="C:\Develop\Budgeteer\BudgeteerBusiness.Test\bin\Release\BudgeteerBusiness.Test.dll" adapterTypeName="Microsoft.VisualStudio.TestTools.TestTypes.Unit.UnitTestAdapter, Microsoft.VisualStudio.QualityTools.Tips.UnitTest.Adapter, Version=9.0.0.0, Culture=neutral, PublicKeyToken=b03f5f7f11d50a3a" className="BudgeteerBusiness.Test.FrequencyTest, BudgeteerBusiness.Test" name="updateFrequencyDescriptionMaxLen" />
    </UnitTest>
    <UnitTest name="activateUserTest" storage="c:\develop\budgeteer\budgeteerbusiness.test\bin\release\budgeteerbusiness.test.dll" id="24148662-d27c-83db-d849-dc758dd8b5f9">
      <Css projectStructure="" iteration="" />
      <Owners>
        <Owner name="" />
      </Owners>
      <TestMethod codeBase="C:\Develop\Budgeteer\BudgeteerBusiness.Test\bin\Release\BudgeteerBusiness.Test.dll" adapterTypeName="Microsoft.VisualStudio.TestTools.TestTypes.Unit.UnitTestAdapter, Microsoft.VisualStudio.QualityTools.Tips.UnitTest.Adapter, Version=9.0.0.0, Culture=neutral, PublicKeyToken=b03f5f7f11d50a3a" className="BudgeteerBusiness.Test.UserTest, BudgeteerBusiness.Test" name="activateUserTest" />
    </UnitTest>
    <UnitTest name="AccountUpdateAccountTypeMaxLen" storage="c:\develop\budgeteer\budgeteerbusiness.test\bin\release\budgeteerbusiness.test.dll" id="dc103d46-66d3-5339-3760-9e1aa3967d68">
      <Css projectStructure="" iteration="" />
      <Owners>
        <Owner name="" />
      </Owners>
      <Execution id="bd476b22-d35f-4491-be96-172ef38cecd8" />
      <TestMethod codeBase="C:\Develop\Budgeteer\BudgeteerBusiness.Test\bin\Release\BudgeteerBusiness.Test.dll" adapterTypeName="Microsoft.VisualStudio.TestTools.TestTypes.Unit.UnitTestAdapter, Microsoft.VisualStudio.QualityTools.Tips.UnitTest.Adapter, Version=9.0.0.0, Culture=neutral, PublicKeyToken=b03f5f7f11d50a3a" className="BudgeteerBusiness.Test.BankAccountTest, BudgeteerBusiness.Test" name="AccountUpdateAccountTypeMaxLen" />
    </UnitTest>
    <UnitTest name="UpdateBudgetSubcategoryIDBlank" storage="c:\develop\budgeteer\budgeteerbusiness.test\bin\release\budgeteerbusiness.test.dll" id="2961bbf1-146b-0935-82b2-1ae35615a987">
      <Css projectStructure="" iteration="" />
      <Owners>
        <Owner name="" />
      </Owners>
      <TestMethod codeBase="C:\Develop\Budgeteer\BudgeteerBusiness.Test\bin\Release\BudgeteerBusiness.Test.dll" adapterTypeName="Microsoft.VisualStudio.TestTools.TestTypes.Unit.UnitTestAdapter, Microsoft.VisualStudio.QualityTools.Tips.UnitTest.Adapter, Version=9.0.0.0, Culture=neutral, PublicKeyToken=b03f5f7f11d50a3a" className="BudgeteerBusiness.Test.BudgetTest, BudgeteerBusiness.Test" name="UpdateBudgetSubcategoryIDBlank" />
    </UnitTest>
    <UnitTest name="getSettingSettingBlank" storage="c:\develop\budgeteer\budgeteerbusiness.test\bin\release\budgeteerbusiness.test.dll" id="c1eb1ab3-71b1-7f0c-d402-7db8c88875e0">
      <Css projectStructure="" iteration="" />
      <Owners>
        <Owner name="" />
      </Owners>
      <Execution id="b41fc011-f32e-4b54-bb4d-2e65d5859983" />
      <TestMethod codeBase="C:\Develop\Budgeteer\BudgeteerBusiness.Test\bin\Release\BudgeteerBusiness.Test.dll" adapterTypeName="Microsoft.VisualStudio.TestTools.TestTypes.Unit.UnitTestAdapter, Microsoft.VisualStudio.QualityTools.Tips.UnitTest.Adapter, Version=9.0.0.0, Culture=neutral, PublicKeyToken=b03f5f7f11d50a3a" className="BudgeteerBusiness.Test.ApplicationSettingTest, BudgeteerBusiness.Test" name="getSettingSettingBlank" />
    </UnitTest>
    <UnitTest name="updateUserPasswordUserIDMaxLen" storage="c:\develop\budgeteer\budgeteerbusiness.test\bin\release\budgeteerbusiness.test.dll" id="3a751831-a04a-99cb-4020-7bcb1dfdc48d">
      <Css projectStructure="" iteration="" />
      <Owners>
        <Owner name="" />
      </Owners>
      <TestMethod codeBase="C:\Develop\Budgeteer\BudgeteerBusiness.Test\bin\Release\BudgeteerBusiness.Test.dll" adapterTypeName="Microsoft.VisualStudio.TestTools.TestTypes.Unit.UnitTestAdapter, Microsoft.VisualStudio.QualityTools.Tips.UnitTest.Adapter, Version=9.0.0.0, Culture=neutral, PublicKeyToken=b03f5f7f11d50a3a" className="BudgeteerBusiness.Test.UserTest, BudgeteerBusiness.Test" name="updateUserPasswordUserIDMaxLen" />
    </UnitTest>
    <UnitTest name="AccountUpdateAccountNameNothing" storage="c:\develop\budgeteer\budgeteerbusiness.test\bin\release\budgeteerbusiness.test.dll" id="8c6905af-52bc-76a0-b628-ad32132409ba">
      <Css projectStructure="" iteration="" />
      <Owners>
        <Owner name="" />
      </Owners>
      <Execution id="55261ac9-04d8-4d3f-9e9f-72b6f119a3f6" />
      <TestMethod codeBase="C:\Develop\Budgeteer\BudgeteerBusiness.Test\bin\Release\BudgeteerBusiness.Test.dll" adapterTypeName="Microsoft.VisualStudio.TestTools.TestTypes.Unit.UnitTestAdapter, Microsoft.VisualStudio.QualityTools.Tips.UnitTest.Adapter, Version=9.0.0.0, Culture=neutral, PublicKeyToken=b03f5f7f11d50a3a" className="BudgeteerBusiness.Test.BankAccountTest, BudgeteerBusiness.Test" name="AccountUpdateAccountNameNothing" />
    </UnitTest>
    <UnitTest name="addUserUserIDMaxLen" storage="c:\develop\budgeteer\budgeteerbusiness.test\bin\release\budgeteerbusiness.test.dll" id="41d12651-6966-8543-ef57-0046b613ddb5">
      <Css projectStructure="" iteration="" />
      <Owners>
        <Owner name="" />
      </Owners>
      <TestMethod codeBase="C:\Develop\Budgeteer\BudgeteerBusiness.Test\bin\Release\BudgeteerBusiness.Test.dll" adapterTypeName="Microsoft.VisualStudio.TestTools.TestTypes.Unit.UnitTestAdapter, Microsoft.VisualStudio.QualityTools.Tips.UnitTest.Adapter, Version=9.0.0.0, Culture=neutral, PublicKeyToken=b03f5f7f11d50a3a" className="BudgeteerBusiness.Test.UserTest, BudgeteerBusiness.Test" name="addUserUserIDMaxLen" />
    </UnitTest>
    <UnitTest name="addTransactionUserIDNothing" storage="c:\develop\budgeteer\budgeteerbusiness.test\bin\release\budgeteerbusiness.test.dll" id="9b270260-260c-a978-9dd4-28ae487f85d0">
      <Css projectStructure="" iteration="" />
      <Owners>
        <Owner name="" />
      </Owners>
      <TestMethod codeBase="C:\Develop\Budgeteer\BudgeteerBusiness.Test\bin\Release\BudgeteerBusiness.Test.dll" adapterTypeName="Microsoft.VisualStudio.TestTools.TestTypes.Unit.UnitTestAdapter, Microsoft.VisualStudio.QualityTools.Tips.UnitTest.Adapter, Version=9.0.0.0, Culture=neutral, PublicKeyToken=b03f5f7f11d50a3a" className="BudgeteerBusiness.Test.TransactionTest, BudgeteerBusiness.Test" name="addTransactionUserIDNothing" />
    </UnitTest>
    <UnitTest name="updateSubcategoryNotesMaxLen" storage="c:\develop\budgeteer\budgeteerbusiness.test\bin\release\budgeteerbusiness.test.dll" id="00b914bf-27cf-c5f2-2337-9da7337b8b86">
      <Css projectStructure="" iteration="" />
      <Owners>
        <Owner name="" />
      </Owners>
      <TestMethod codeBase="C:\Develop\Budgeteer\BudgeteerBusiness.Test\bin\Release\BudgeteerBusiness.Test.dll" adapterTypeName="Microsoft.VisualStudio.TestTools.TestTypes.Unit.UnitTestAdapter, Microsoft.VisualStudio.QualityTools.Tips.UnitTest.Adapter, Version=9.0.0.0, Culture=neutral, PublicKeyToken=b03f5f7f11d50a3a" className="BudgeteerBusiness.Test.SubcategoryTest, BudgeteerBusiness.Test" name="updateSubcategoryNotesMaxLen" />
    </UnitTest>
    <UnitTest name="addSubcategoryNotesMaxLen" storage="c:\develop\budgeteer\budgeteerbusiness.test\bin\release\budgeteerbusiness.test.dll" id="201d793e-4fe6-401d-6be8-c62c538d4a65">
      <Css projectStructure="" iteration="" />
      <Owners>
        <Owner name="" />
      </Owners>
      <TestMethod codeBase="C:\Develop\Budgeteer\BudgeteerBusiness.Test\bin\Release\BudgeteerBusiness.Test.dll" adapterTypeName="Microsoft.VisualStudio.TestTools.TestTypes.Unit.UnitTestAdapter, Microsoft.VisualStudio.QualityTools.Tips.UnitTest.Adapter, Version=9.0.0.0, Culture=neutral, PublicKeyToken=b03f5f7f11d50a3a" className="BudgeteerBusiness.Test.SubcategoryTest, BudgeteerBusiness.Test" name="addSubcategoryNotesMaxLen" />
    </UnitTest>
    <UnitTest name="updateTransactionDescriptionNothing" storage="c:\develop\budgeteer\budgeteerbusiness.test\bin\release\budgeteerbusiness.test.dll" id="3ccd3f11-0213-e1b1-a3aa-1057197cac59">
      <Css projectStructure="" iteration="" />
      <Owners>
        <Owner name="" />
      </Owners>
      <TestMethod codeBase="C:\Develop\Budgeteer\BudgeteerBusiness.Test\bin\Release\BudgeteerBusiness.Test.dll" adapterTypeName="Microsoft.VisualStudio.TestTools.TestTypes.Unit.UnitTestAdapter, Microsoft.VisualStudio.QualityTools.Tips.UnitTest.Adapter, Version=9.0.0.0, Culture=neutral, PublicKeyToken=b03f5f7f11d50a3a" className="BudgeteerBusiness.Test.TransactionTest, BudgeteerBusiness.Test" name="updateTransactionDescriptionNothing" />
    </UnitTest>
    <UnitTest name="deleteBudgetTest" storage="c:\develop\budgeteer\budgeteerbusiness.test\bin\release\budgeteerbusiness.test.dll" id="c0411296-3ae8-697f-2af6-c4ea40140d13">
      <Css projectStructure="" iteration="" />
      <Owners>
        <Owner name="" />
      </Owners>
      <TestMethod codeBase="C:\Develop\Budgeteer\BudgeteerBusiness.Test\bin\Release\BudgeteerBusiness.Test.dll" adapterTypeName="Microsoft.VisualStudio.TestTools.TestTypes.Unit.UnitTestAdapter, Microsoft.VisualStudio.QualityTools.Tips.UnitTest.Adapter, Version=9.0.0.0, Culture=neutral, PublicKeyToken=b03f5f7f11d50a3a" className="BudgeteerBusiness.Test.BudgetTest, BudgeteerBusiness.Test" name="deleteBudgetTest" />
    </UnitTest>
    <UnitTest name="AccountUpdateAccountNothing" storage="c:\develop\budgeteer\budgeteerbusiness.test\bin\release\budgeteerbusiness.test.dll" id="15012bb2-b8a7-b9c7-7871-b29804a6aa37">
      <Css projectStructure="" iteration="" />
      <Owners>
        <Owner name="" />
      </Owners>
      <Execution id="5e4e940d-bcf5-47fa-addb-abd260592764" />
      <TestMethod codeBase="C:\Develop\Budgeteer\BudgeteerBusiness.Test\bin\Release\BudgeteerBusiness.Test.dll" adapterTypeName="Microsoft.VisualStudio.TestTools.TestTypes.Unit.UnitTestAdapter, Microsoft.VisualStudio.QualityTools.Tips.UnitTest.Adapter, Version=9.0.0.0, Culture=neutral, PublicKeyToken=b03f5f7f11d50a3a" className="BudgeteerBusiness.Test.BankAccountTest, BudgeteerBusiness.Test" name="AccountUpdateAccountNothing" />
    </UnitTest>
    <UnitTest name="UpdateBudgetFrequencyIDBlank" storage="c:\develop\budgeteer\budgeteerbusiness.test\bin\release\budgeteerbusiness.test.dll" id="aa01915b-fe45-c694-5349-093d2378bbbf">
      <Css projectStructure="" iteration="" />
      <Owners>
        <Owner name="" />
      </Owners>
      <TestMethod codeBase="C:\Develop\Budgeteer\BudgeteerBusiness.Test\bin\Release\BudgeteerBusiness.Test.dll" adapterTypeName="Microsoft.VisualStudio.TestTools.TestTypes.Unit.UnitTestAdapter, Microsoft.VisualStudio.QualityTools.Tips.UnitTest.Adapter, Version=9.0.0.0, Culture=neutral, PublicKeyToken=b03f5f7f11d50a3a" className="BudgeteerBusiness.Test.BudgetTest, BudgeteerBusiness.Test" name="UpdateBudgetFrequencyIDBlank" />
    </UnitTest>
    <UnitTest name="addFrequencyUserIDNothing" storage="c:\develop\budgeteer\budgeteerbusiness.test\bin\release\budgeteerbusiness.test.dll" id="4c8b2cdb-4eab-b6f9-ff74-242bf524db2e">
      <Css projectStructure="" iteration="" />
      <Owners>
        <Owner name="" />
      </Owners>
      <TestMethod codeBase="C:\Develop\Budgeteer\BudgeteerBusiness.Test\bin\Release\BudgeteerBusiness.Test.dll" adapterTypeName="Microsoft.VisualStudio.TestTools.TestTypes.Unit.UnitTestAdapter, Microsoft.VisualStudio.QualityTools.Tips.UnitTest.Adapter, Version=9.0.0.0, Culture=neutral, PublicKeyToken=b03f5f7f11d50a3a" className="BudgeteerBusiness.Test.FrequencyTest, BudgeteerBusiness.Test" name="addFrequencyUserIDNothing" />
    </UnitTest>
    <UnitTest name="GetBudgetsUserIDBlank" storage="c:\develop\budgeteer\budgeteerbusiness.test\bin\release\budgeteerbusiness.test.dll" id="ebd39db0-e74b-3bd5-c867-9e8d1f912965">
      <Css projectStructure="" iteration="" />
      <Owners>
        <Owner name="" />
      </Owners>
      <Execution id="e2a2238b-c2fe-4e5b-9a47-ae3bd2528ba8" />
      <TestMethod codeBase="C:\Develop\Budgeteer\BudgeteerBusiness.Test\bin\Release\BudgeteerBusiness.Test.dll" adapterTypeName="Microsoft.VisualStudio.TestTools.TestTypes.Unit.UnitTestAdapter, Microsoft.VisualStudio.QualityTools.Tips.UnitTest.Adapter, Version=9.0.0.0, Culture=neutral, PublicKeyToken=b03f5f7f11d50a3a" className="BudgeteerBusiness.Test.BudgetTest, BudgeteerBusiness.Test" name="GetBudgetsUserIDBlank" />
    </UnitTest>
    <UnitTest name="getUserTest" storage="c:\develop\budgeteer\budgeteerbusiness.test\bin\release\budgeteerbusiness.test.dll" id="3313d2d0-5480-16e1-f3ac-9d93382371ba">
      <Css projectStructure="" iteration="" />
      <Owners>
        <Owner name="" />
      </Owners>
      <TestMethod codeBase="C:\Develop\Budgeteer\BudgeteerBusiness.Test\bin\Release\BudgeteerBusiness.Test.dll" adapterTypeName="Microsoft.VisualStudio.TestTools.TestTypes.Unit.UnitTestAdapter, Microsoft.VisualStudio.QualityTools.Tips.UnitTest.Adapter, Version=9.0.0.0, Culture=neutral, PublicKeyToken=b03f5f7f11d50a3a" className="BudgeteerBusiness.Test.UserTest, BudgeteerBusiness.Test" name="getUserTest" />
    </UnitTest>
    <UnitTest name="addFrequencyNothing" storage="c:\develop\budgeteer\budgeteerbusiness.test\bin\release\budgeteerbusiness.test.dll" id="afdd3970-ef14-572c-7490-d181ac1ccd1e">
      <Css projectStructure="" iteration="" />
      <Owners>
        <Owner name="" />
      </Owners>
      <TestMethod codeBase="C:\Develop\Budgeteer\BudgeteerBusiness.Test\bin\Release\BudgeteerBusiness.Test.dll" adapterTypeName="Microsoft.VisualStudio.TestTools.TestTypes.Unit.UnitTestAdapter, Microsoft.VisualStudio.QualityTools.Tips.UnitTest.Adapter, Version=9.0.0.0, Culture=neutral, PublicKeyToken=b03f5f7f11d50a3a" className="BudgeteerBusiness.Test.FrequencyTest, BudgeteerBusiness.Test" name="addFrequencyNothing" />
    </UnitTest>
    <UnitTest name="updateSubcategorySubcategoryIDNothing" storage="c:\develop\budgeteer\budgeteerbusiness.test\bin\release\budgeteerbusiness.test.dll" id="e1b8b9b5-31fa-3158-ed49-602ecdf8fc2b">
      <Css projectStructure="" iteration="" />
      <Owners>
        <Owner name="" />
      </Owners>
      <TestMethod codeBase="C:\Develop\Budgeteer\BudgeteerBusiness.Test\bin\Release\BudgeteerBusiness.Test.dll" adapterTypeName="Microsoft.VisualStudio.TestTools.TestTypes.Unit.UnitTestAdapter, Microsoft.VisualStudio.QualityTools.Tips.UnitTest.Adapter, Version=9.0.0.0, Culture=neutral, PublicKeyToken=b03f5f7f11d50a3a" className="BudgeteerBusiness.Test.SubcategoryTest, BudgeteerBusiness.Test" name="updateSubcategorySubcategoryIDNothing" />
    </UnitTest>
    <UnitTest name="deleteSubcategoryTest" storage="c:\develop\budgeteer\budgeteerbusiness.test\bin\release\budgeteerbusiness.test.dll" id="b237afa0-6fb1-54bf-657e-2a66b76abb69">
      <Css projectStructure="" iteration="" />
      <Owners>
        <Owner name="" />
      </Owners>
      <TestMethod codeBase="C:\Develop\Budgeteer\BudgeteerBusiness.Test\bin\Release\BudgeteerBusiness.Test.dll" adapterTypeName="Microsoft.VisualStudio.TestTools.TestTypes.Unit.UnitTestAdapter, Microsoft.VisualStudio.QualityTools.Tips.UnitTest.Adapter, Version=9.0.0.0, Culture=neutral, PublicKeyToken=b03f5f7f11d50a3a" className="BudgeteerBusiness.Test.SubcategoryTest, BudgeteerBusiness.Test" name="deleteSubcategoryTest" />
    </UnitTest>
    <UnitTest name="setSettingValueBlank" storage="c:\develop\budgeteer\budgeteerbusiness.test\bin\release\budgeteerbusiness.test.dll" id="fcca391a-3bf2-a7bd-8a43-2d87c89ccc3b">
      <Css projectStructure="" iteration="" />
      <Owners>
        <Owner name="" />
      </Owners>
      <Execution id="030b4d5b-85d0-43fa-8099-b8ab91c370f0" />
      <TestMethod codeBase="C:\Develop\Budgeteer\BudgeteerBusiness.Test\bin\Release\BudgeteerBusiness.Test.dll" adapterTypeName="Microsoft.VisualStudio.TestTools.TestTypes.Unit.UnitTestAdapter, Microsoft.VisualStudio.QualityTools.Tips.UnitTest.Adapter, Version=9.0.0.0, Culture=neutral, PublicKeyToken=b03f5f7f11d50a3a" className="BudgeteerBusiness.Test.ApplicationSettingTest, BudgeteerBusiness.Test" name="setSettingValueBlank" />
    </UnitTest>
    <UnitTest name="updateFrequencyFrequencyIDNothing" storage="c:\develop\budgeteer\budgeteerbusiness.test\bin\release\budgeteerbusiness.test.dll" id="899e468f-0f82-8f87-b2c5-dd542356cd37">
      <Css projectStructure="" iteration="" />
      <Owners>
        <Owner name="" />
      </Owners>
      <TestMethod codeBase="C:\Develop\Budgeteer\BudgeteerBusiness.Test\bin\Release\BudgeteerBusiness.Test.dll" adapterTypeName="Microsoft.VisualStudio.TestTools.TestTypes.Unit.UnitTestAdapter, Microsoft.VisualStudio.QualityTools.Tips.UnitTest.Adapter, Version=9.0.0.0, Culture=neutral, PublicKeyToken=b03f5f7f11d50a3a" className="BudgeteerBusiness.Test.FrequencyTest, BudgeteerBusiness.Test" name="updateFrequencyFrequencyIDNothing" />
    </UnitTest>
    <UnitTest name="updateSubcategorySubcategoryNothing" storage="c:\develop\budgeteer\budgeteerbusiness.test\bin\release\budgeteerbusiness.test.dll" id="9df3c7a9-dda3-36c5-3db7-ed52aa5c51f3">
      <Css projectStructure="" iteration="" />
      <Owners>
        <Owner name="" />
      </Owners>
      <TestMethod codeBase="C:\Develop\Budgeteer\BudgeteerBusiness.Test\bin\Release\BudgeteerBusiness.Test.dll" adapterTypeName="Microsoft.VisualStudio.TestTools.TestTypes.Unit.UnitTestAdapter, Microsoft.VisualStudio.QualityTools.Tips.UnitTest.Adapter, Version=9.0.0.0, Culture=neutral, PublicKeyToken=b03f5f7f11d50a3a" className="BudgeteerBusiness.Test.SubcategoryTest, BudgeteerBusiness.Test" name="updateSubcategorySubcategoryNothing" />
    </UnitTest>
    <UnitTest name="updateTransactionTransactionNothing" storage="c:\develop\budgeteer\budgeteerbusiness.test\bin\release\budgeteerbusiness.test.dll" id="991140ed-32ac-a771-1bbe-e26bd691905d">
      <Css projectStructure="" iteration="" />
      <Owners>
        <Owner name="" />
      </Owners>
      <TestMethod codeBase="C:\Develop\Budgeteer\BudgeteerBusiness.Test\bin\Release\BudgeteerBusiness.Test.dll" adapterTypeName="Microsoft.VisualStudio.TestTools.TestTypes.Unit.UnitTestAdapter, Microsoft.VisualStudio.QualityTools.Tips.UnitTest.Adapter, Version=9.0.0.0, Culture=neutral, PublicKeyToken=b03f5f7f11d50a3a" className="BudgeteerBusiness.Test.TransactionTest, BudgeteerBusiness.Test" name="updateTransactionTransactionNothing" />
    </UnitTest>
    <UnitTest name="UpdateBudgetBudgetIDBlank" storage="c:\develop\budgeteer\budgeteerbusiness.test\bin\release\budgeteerbusiness.test.dll" id="f072707e-36bf-6cb2-fd1d-066aa43590df">
      <Css projectStructure="" iteration="" />
      <Owners>
        <Owner name="" />
      </Owners>
      <TestMethod codeBase="C:\Develop\Budgeteer\BudgeteerBusiness.Test\bin\Release\BudgeteerBusiness.Test.dll" adapterTypeName="Microsoft.VisualStudio.TestTools.TestTypes.Unit.UnitTestAdapter, Microsoft.VisualStudio.QualityTools.Tips.UnitTest.Adapter, Version=9.0.0.0, Culture=neutral, PublicKeyToken=b03f5f7f11d50a3a" className="BudgeteerBusiness.Test.BudgetTest, BudgeteerBusiness.Test" name="UpdateBudgetBudgetIDBlank" />
    </UnitTest>
    <UnitTest name="getUserUserIDNothing" storage="c:\develop\budgeteer\budgeteerbusiness.test\bin\release\budgeteerbusiness.test.dll" id="88a752e7-5c9d-d926-4dfc-8a1be934c0f9">
      <Css projectStructure="" iteration="" />
      <Owners>
        <Owner name="" />
      </Owners>
      <TestMethod codeBase="C:\Develop\Budgeteer\BudgeteerBusiness.Test\bin\Release\BudgeteerBusiness.Test.dll" adapterTypeName="Microsoft.VisualStudio.TestTools.TestTypes.Unit.UnitTestAdapter, Microsoft.VisualStudio.QualityTools.Tips.UnitTest.Adapter, Version=9.0.0.0, Culture=neutral, PublicKeyToken=b03f5f7f11d50a3a" className="BudgeteerBusiness.Test.UserTest, BudgeteerBusiness.Test" name="getUserUserIDNothing" />
    </UnitTest>
    <UnitTest name="deleteTransactionAccountAdjust" storage="c:\develop\budgeteer\budgeteerbusiness.test\bin\release\budgeteerbusiness.test.dll" id="b9d1c2ac-e386-87fb-12aa-0d8af4d9f7af">
      <Css projectStructure="" iteration="" />
      <Owners>
        <Owner name="" />
      </Owners>
      <TestMethod codeBase="C:\Develop\Budgeteer\BudgeteerBusiness.Test\bin\Release\BudgeteerBusiness.Test.dll" adapterTypeName="Microsoft.VisualStudio.TestTools.TestTypes.Unit.UnitTestAdapter, Microsoft.VisualStudio.QualityTools.Tips.UnitTest.Adapter, Version=9.0.0.0, Culture=neutral, PublicKeyToken=b03f5f7f11d50a3a" className="BudgeteerBusiness.Test.TransactionTest, BudgeteerBusiness.Test" name="deleteTransactionAccountAdjust" />
    </UnitTest>
    <UnitTest name="deleteCategoryCategoryIDNothing" storage="c:\develop\budgeteer\budgeteerbusiness.test\bin\release\budgeteerbusiness.test.dll" id="23cfea9f-164f-f9a5-24c4-692d1157d70d">
      <Css projectStructure="" iteration="" />
      <Owners>
        <Owner name="" />
      </Owners>
      <TestMethod codeBase="C:\Develop\Budgeteer\BudgeteerBusiness.Test\bin\Release\BudgeteerBusiness.Test.dll" adapterTypeName="Microsoft.VisualStudio.TestTools.TestTypes.Unit.UnitTestAdapter, Microsoft.VisualStudio.QualityTools.Tips.UnitTest.Adapter, Version=9.0.0.0, Culture=neutral, PublicKeyToken=b03f5f7f11d50a3a" className="BudgeteerBusiness.Test.CategoryTest, BudgeteerBusiness.Test" name="deleteCategoryCategoryIDNothing" />
    </UnitTest>
    <UnitTest name="AddAccountActiveStatusNotYN" storage="c:\develop\budgeteer\budgeteerbusiness.test\bin\release\budgeteerbusiness.test.dll" id="d1360a53-95ee-b75a-cf14-ff4641961f1d">
      <Css projectStructure="" iteration="" />
      <Owners>
        <Owner name="" />
      </Owners>
      <Execution id="f674aa26-cc7f-428e-b472-a87b6a6712b1" />
      <TestMethod codeBase="C:\Develop\Budgeteer\BudgeteerBusiness.Test\bin\Release\BudgeteerBusiness.Test.dll" adapterTypeName="Microsoft.VisualStudio.TestTools.TestTypes.Unit.UnitTestAdapter, Microsoft.VisualStudio.QualityTools.Tips.UnitTest.Adapter, Version=9.0.0.0, Culture=neutral, PublicKeyToken=b03f5f7f11d50a3a" className="BudgeteerBusiness.Test.BankAccountTest, BudgeteerBusiness.Test" name="AddAccountActiveStatusNotYN" />
    </UnitTest>
    <UnitTest name="addTransactionTransactionNothing" storage="c:\develop\budgeteer\budgeteerbusiness.test\bin\release\budgeteerbusiness.test.dll" id="028a17f3-f9c0-f73c-bbcc-8415c4c80d22">
      <Css projectStructure="" iteration="" />
      <Owners>
        <Owner name="" />
      </Owners>
      <TestMethod codeBase="C:\Develop\Budgeteer\BudgeteerBusiness.Test\bin\Release\BudgeteerBusiness.Test.dll" adapterTypeName="Microsoft.VisualStudio.TestTools.TestTypes.Unit.UnitTestAdapter, Microsoft.VisualStudio.QualityTools.Tips.UnitTest.Adapter, Version=9.0.0.0, Culture=neutral, PublicKeyToken=b03f5f7f11d50a3a" className="BudgeteerBusiness.Test.TransactionTest, BudgeteerBusiness.Test" name="addTransactionTransactionNothing" />
    </UnitTest>
    <UnitTest name="updateUserEmailAddressUserIDMaxLen" storage="c:\develop\budgeteer\budgeteerbusiness.test\bin\release\budgeteerbusiness.test.dll" id="a00f7b88-dcf5-ad47-7698-8713ba1a81ab">
      <Css projectStructure="" iteration="" />
      <Owners>
        <Owner name="" />
      </Owners>
      <TestMethod codeBase="C:\Develop\Budgeteer\BudgeteerBusiness.Test\bin\Release\BudgeteerBusiness.Test.dll" adapterTypeName="Microsoft.VisualStudio.TestTools.TestTypes.Unit.UnitTestAdapter, Microsoft.VisualStudio.QualityTools.Tips.UnitTest.Adapter, Version=9.0.0.0, Culture=neutral, PublicKeyToken=b03f5f7f11d50a3a" className="BudgeteerBusiness.Test.UserTest, BudgeteerBusiness.Test" name="updateUserEmailAddressUserIDMaxLen" />
    </UnitTest>
    <UnitTest name="updateTransactionDescriptionMaxLen" storage="c:\develop\budgeteer\budgeteerbusiness.test\bin\release\budgeteerbusiness.test.dll" id="9cf1af96-ce60-17f7-f073-8576692875a1">
      <Css projectStructure="" iteration="" />
      <Owners>
        <Owner name="" />
      </Owners>
      <TestMethod codeBase="C:\Develop\Budgeteer\BudgeteerBusiness.Test\bin\Release\BudgeteerBusiness.Test.dll" adapterTypeName="Microsoft.VisualStudio.TestTools.TestTypes.Unit.UnitTestAdapter, Microsoft.VisualStudio.QualityTools.Tips.UnitTest.Adapter, Version=9.0.0.0, Culture=neutral, PublicKeyToken=b03f5f7f11d50a3a" className="BudgeteerBusiness.Test.TransactionTest, BudgeteerBusiness.Test" name="updateTransactionDescriptionMaxLen" />
    </UnitTest>
    <UnitTest name="addUserTest" storage="c:\develop\budgeteer\budgeteerbusiness.test\bin\release\budgeteerbusiness.test.dll" id="302f161c-1a16-7195-636f-727c6d4f7cce">
      <Css projectStructure="" iteration="" />
      <Owners>
        <Owner name="" />
      </Owners>
      <Execution id="9c787e7f-9dc8-4ea0-bfe1-7a45e78e8ac2" />
      <TestMethod codeBase="C:\Develop\Budgeteer\BudgeteerBusiness.Test\bin\Release\BudgeteerBusiness.Test.dll" adapterTypeName="Microsoft.VisualStudio.TestTools.TestTypes.Unit.UnitTestAdapter, Microsoft.VisualStudio.QualityTools.Tips.UnitTest.Adapter, Version=9.0.0.0, Culture=neutral, PublicKeyToken=b03f5f7f11d50a3a" className="BudgeteerBusiness.Test.UserTest, BudgeteerBusiness.Test" name="addUserTest" />
    </UnitTest>
    <UnitTest name="updateFrequencyTest" storage="c:\develop\budgeteer\budgeteerbusiness.test\bin\release\budgeteerbusiness.test.dll" id="d3b64b82-0b84-680f-9e31-0c326c489dc9">
      <Css projectStructure="" iteration="" />
      <Owners>
        <Owner name="" />
      </Owners>
      <TestMethod codeBase="C:\Develop\Budgeteer\BudgeteerBusiness.Test\bin\Release\BudgeteerBusiness.Test.dll" adapterTypeName="Microsoft.VisualStudio.TestTools.TestTypes.Unit.UnitTestAdapter, Microsoft.VisualStudio.QualityTools.Tips.UnitTest.Adapter, Version=9.0.0.0, Culture=neutral, PublicKeyToken=b03f5f7f11d50a3a" className="BudgeteerBusiness.Test.FrequencyTest, BudgeteerBusiness.Test" name="updateFrequencyTest" />
    </UnitTest>
    <UnitTest name="getSubcategoryTest" storage="c:\develop\budgeteer\budgeteerbusiness.test\bin\release\budgeteerbusiness.test.dll" id="edf0aa95-9676-85e5-bd74-2b5388c724e3">
      <Css projectStructure="" iteration="" />
      <Owners>
        <Owner name="" />
      </Owners>
      <TestMethod codeBase="C:\Develop\Budgeteer\BudgeteerBusiness.Test\bin\Release\BudgeteerBusiness.Test.dll" adapterTypeName="Microsoft.VisualStudio.TestTools.TestTypes.Unit.UnitTestAdapter, Microsoft.VisualStudio.QualityTools.Tips.UnitTest.Adapter, Version=9.0.0.0, Culture=neutral, PublicKeyToken=b03f5f7f11d50a3a" className="BudgeteerBusiness.Test.SubcategoryTest, BudgeteerBusiness.Test" name="getSubcategoryTest" />
    </UnitTest>
    <UnitTest name="AccountUpdateAccountNameMaxLen" storage="c:\develop\budgeteer\budgeteerbusiness.test\bin\release\budgeteerbusiness.test.dll" id="ab937ec4-62dc-9a36-31d9-81e0a9987ee7">
      <Css projectStructure="" iteration="" />
      <Owners>
        <Owner name="" />
      </Owners>
      <Execution id="4a4a4131-99ec-4bf1-a2b4-bc49e31bf17b" />
      <TestMethod codeBase="C:\Develop\Budgeteer\BudgeteerBusiness.Test\bin\Release\BudgeteerBusiness.Test.dll" adapterTypeName="Microsoft.VisualStudio.TestTools.TestTypes.Unit.UnitTestAdapter, Microsoft.VisualStudio.QualityTools.Tips.UnitTest.Adapter, Version=9.0.0.0, Culture=neutral, PublicKeyToken=b03f5f7f11d50a3a" className="BudgeteerBusiness.Test.BankAccountTest, BudgeteerBusiness.Test" name="AccountUpdateAccountNameMaxLen" />
    </UnitTest>
    <UnitTest name="deleteSubcategorySubcategoryIDNothing" storage="c:\develop\budgeteer\budgeteerbusiness.test\bin\release\budgeteerbusiness.test.dll" id="cf5e9fac-d4eb-db14-c376-4d1f22db0558">
      <Css projectStructure="" iteration="" />
      <Owners>
        <Owner name="" />
      </Owners>
      <TestMethod codeBase="C:\Develop\Budgeteer\BudgeteerBusiness.Test\bin\Release\BudgeteerBusiness.Test.dll" adapterTypeName="Microsoft.VisualStudio.TestTools.TestTypes.Unit.UnitTestAdapter, Microsoft.VisualStudio.QualityTools.Tips.UnitTest.Adapter, Version=9.0.0.0, Culture=neutral, PublicKeyToken=b03f5f7f11d50a3a" className="BudgeteerBusiness.Test.SubcategoryTest, BudgeteerBusiness.Test" name="deleteSubcategorySubcategoryIDNothing" />
    </UnitTest>
    <UnitTest name="AddBudgetUserIDBlank" storage="c:\develop\budgeteer\budgeteerbusiness.test\bin\release\budgeteerbusiness.test.dll" id="976ae5f8-6c26-174f-136c-aff26d2da02f">
      <Css projectStructure="" iteration="" />
      <Owners>
        <Owner name="" />
      </Owners>
      <Execution id="a35e03ec-bd47-417c-863c-8d4c35654c85" />
      <TestMethod codeBase="C:\Develop\Budgeteer\BudgeteerBusiness.Test\bin\Release\BudgeteerBusiness.Test.dll" adapterTypeName="Microsoft.VisualStudio.TestTools.TestTypes.Unit.UnitTestAdapter, Microsoft.VisualStudio.QualityTools.Tips.UnitTest.Adapter, Version=9.0.0.0, Culture=neutral, PublicKeyToken=b03f5f7f11d50a3a" className="BudgeteerBusiness.Test.BudgetTest, BudgeteerBusiness.Test" name="AddBudgetUserIDBlank" />
    </UnitTest>
    <UnitTest name="getSubcategoriesUserIDNothing" storage="c:\develop\budgeteer\budgeteerbusiness.test\bin\release\budgeteerbusiness.test.dll" id="25c221da-3cee-df3c-3d0f-8d45ce1c4bf5">
      <Css projectStructure="" iteration="" />
      <Owners>
        <Owner name="" />
      </Owners>
      <TestMethod codeBase="C:\Develop\Budgeteer\BudgeteerBusiness.Test\bin\Release\BudgeteerBusiness.Test.dll" adapterTypeName="Microsoft.VisualStudio.TestTools.TestTypes.Unit.UnitTestAdapter, Microsoft.VisualStudio.QualityTools.Tips.UnitTest.Adapter, Version=9.0.0.0, Culture=neutral, PublicKeyToken=b03f5f7f11d50a3a" className="BudgeteerBusiness.Test.SubcategoryTest, BudgeteerBusiness.Test" name="getSubcategoriesUserIDNothing" />
    </UnitTest>
    <UnitTest name="addCategoryDescriptionNothing" storage="c:\develop\budgeteer\budgeteerbusiness.test\bin\release\budgeteerbusiness.test.dll" id="ff7fb138-6236-24d9-747a-2dd6d9883235">
      <Css projectStructure="" iteration="" />
      <Owners>
        <Owner name="" />
      </Owners>
      <TestMethod codeBase="C:\Develop\Budgeteer\BudgeteerBusiness.Test\bin\Release\BudgeteerBusiness.Test.dll" adapterTypeName="Microsoft.VisualStudio.TestTools.TestTypes.Unit.UnitTestAdapter, Microsoft.VisualStudio.QualityTools.Tips.UnitTest.Adapter, Version=9.0.0.0, Culture=neutral, PublicKeyToken=b03f5f7f11d50a3a" className="BudgeteerBusiness.Test.CategoryTest, BudgeteerBusiness.Test" name="addCategoryDescriptionNothing" />
    </UnitTest>
    <UnitTest name="addFrequencyTest" storage="c:\develop\budgeteer\budgeteerbusiness.test\bin\release\budgeteerbusiness.test.dll" id="8a4ba671-1448-8492-2b78-1b765c8a587b">
      <Css projectStructure="" iteration="" />
      <Owners>
        <Owner name="" />
      </Owners>
      <TestMethod codeBase="C:\Develop\Budgeteer\BudgeteerBusiness.Test\bin\Release\BudgeteerBusiness.Test.dll" adapterTypeName="Microsoft.VisualStudio.TestTools.TestTypes.Unit.UnitTestAdapter, Microsoft.VisualStudio.QualityTools.Tips.UnitTest.Adapter, Version=9.0.0.0, Culture=neutral, PublicKeyToken=b03f5f7f11d50a3a" className="BudgeteerBusiness.Test.FrequencyTest, BudgeteerBusiness.Test" name="addFrequencyTest" />
    </UnitTest>
    <UnitTest name="GetAccountAccountIDNothing" storage="c:\develop\budgeteer\budgeteerbusiness.test\bin\release\budgeteerbusiness.test.dll" id="495b801d-fa26-fed0-0f3c-89b4c2b40633">
      <Css projectStructure="" iteration="" />
      <Owners>
        <Owner name="" />
      </Owners>
      <Execution id="5cece37d-b4a8-4fe1-9bc8-ed7de3eceaf3" />
      <TestMethod codeBase="C:\Develop\Budgeteer\BudgeteerBusiness.Test\bin\Release\BudgeteerBusiness.Test.dll" adapterTypeName="Microsoft.VisualStudio.TestTools.TestTypes.Unit.UnitTestAdapter, Microsoft.VisualStudio.QualityTools.Tips.UnitTest.Adapter, Version=9.0.0.0, Culture=neutral, PublicKeyToken=b03f5f7f11d50a3a" className="BudgeteerBusiness.Test.BankAccountTest, BudgeteerBusiness.Test" name="GetAccountAccountIDNothing" />
    </UnitTest>
    <UnitTest name="addUserLastNameNothing" storage="c:\develop\budgeteer\budgeteerbusiness.test\bin\release\budgeteerbusiness.test.dll" id="5c8e58b7-4d3d-259d-a967-243af0246cbb">
      <Css projectStructure="" iteration="" />
      <Owners>
        <Owner name="" />
      </Owners>
      <TestMethod codeBase="C:\Develop\Budgeteer\BudgeteerBusiness.Test\bin\Release\BudgeteerBusiness.Test.dll" adapterTypeName="Microsoft.VisualStudio.TestTools.TestTypes.Unit.UnitTestAdapter, Microsoft.VisualStudio.QualityTools.Tips.UnitTest.Adapter, Version=9.0.0.0, Culture=neutral, PublicKeyToken=b03f5f7f11d50a3a" className="BudgeteerBusiness.Test.UserTest, BudgeteerBusiness.Test" name="addUserLastNameNothing" />
    </UnitTest>
    <UnitTest name="AccountUpdateActiveStatusNotYN" storage="c:\develop\budgeteer\budgeteerbusiness.test\bin\release\budgeteerbusiness.test.dll" id="78580d61-10eb-61e0-ce2a-90979662c9fc">
      <Css projectStructure="" iteration="" />
      <Owners>
        <Owner name="" />
      </Owners>
      <Execution id="b2e8f195-f481-4874-9ca0-328b3cf9a3e9" />
      <TestMethod codeBase="C:\Develop\Budgeteer\BudgeteerBusiness.Test\bin\Release\BudgeteerBusiness.Test.dll" adapterTypeName="Microsoft.VisualStudio.TestTools.TestTypes.Unit.UnitTestAdapter, Microsoft.VisualStudio.QualityTools.Tips.UnitTest.Adapter, Version=9.0.0.0, Culture=neutral, PublicKeyToken=b03f5f7f11d50a3a" className="BudgeteerBusiness.Test.BankAccountTest, BudgeteerBusiness.Test" name="AccountUpdateActiveStatusNotYN" />
    </UnitTest>
    <UnitTest name="setSettingTest" storage="c:\develop\budgeteer\budgeteerbusiness.test\bin\release\budgeteerbusiness.test.dll" id="292697ef-a481-6a95-4841-a0b23aab7616">
      <Css projectStructure="" iteration="" />
      <Owners>
        <Owner name="" />
      </Owners>
      <Execution id="f431a800-9f55-482e-b459-c4fca7b3a336" />
      <TestMethod codeBase="C:\Develop\Budgeteer\BudgeteerBusiness.Test\bin\Release\BudgeteerBusiness.Test.dll" adapterTypeName="Microsoft.VisualStudio.TestTools.TestTypes.Unit.UnitTestAdapter, Microsoft.VisualStudio.QualityTools.Tips.UnitTest.Adapter, Version=9.0.0.0, Culture=neutral, PublicKeyToken=b03f5f7f11d50a3a" className="BudgeteerBusiness.Test.ApplicationSettingTest, BudgeteerBusiness.Test" name="setSettingTest" />
    </UnitTest>
    <UnitTest name="deleteTransactionTest" storage="c:\develop\budgeteer\budgeteerbusiness.test\bin\release\budgeteerbusiness.test.dll" id="be5b2eb0-51ec-1a02-7e30-ca7d5c29aa6f">
      <Css projectStructure="" iteration="" />
      <Owners>
        <Owner name="" />
      </Owners>
      <TestMethod codeBase="C:\Develop\Budgeteer\BudgeteerBusiness.Test\bin\Release\BudgeteerBusiness.Test.dll" adapterTypeName="Microsoft.VisualStudio.TestTools.TestTypes.Unit.UnitTestAdapter, Microsoft.VisualStudio.QualityTools.Tips.UnitTest.Adapter, Version=9.0.0.0, Culture=neutral, PublicKeyToken=b03f5f7f11d50a3a" className="BudgeteerBusiness.Test.TransactionTest, BudgeteerBusiness.Test" name="deleteTransactionTest" />
    </UnitTest>
    <UnitTest name="GetAccountTest" storage="c:\develop\budgeteer\budgeteerbusiness.test\bin\release\budgeteerbusiness.test.dll" id="6d337c35-98f0-54b3-f22d-26fc0f00e50a">
      <Css projectStructure="" iteration="" />
      <Owners>
        <Owner name="" />
      </Owners>
      <Execution id="5830c8dd-e4dd-49de-a84a-fc16daef554d" />
      <TestMethod codeBase="C:\Develop\Budgeteer\BudgeteerBusiness.Test\bin\Release\BudgeteerBusiness.Test.dll" adapterTypeName="Microsoft.VisualStudio.TestTools.TestTypes.Unit.UnitTestAdapter, Microsoft.VisualStudio.QualityTools.Tips.UnitTest.Adapter, Version=9.0.0.0, Culture=neutral, PublicKeyToken=b03f5f7f11d50a3a" className="BudgeteerBusiness.Test.BankAccountTest, BudgeteerBusiness.Test" name="GetAccountTest" />
    </UnitTest>
    <UnitTest name="addSubcategoryCategoryIDNothing" storage="c:\develop\budgeteer\budgeteerbusiness.test\bin\release\budgeteerbusiness.test.dll" id="5839d3eb-2f28-66ab-5903-f0c6aa8a4c52">
      <Css projectStructure="" iteration="" />
      <Owners>
        <Owner name="" />
      </Owners>
      <TestMethod codeBase="C:\Develop\Budgeteer\BudgeteerBusiness.Test\bin\Release\BudgeteerBusiness.Test.dll" adapterTypeName="Microsoft.VisualStudio.TestTools.TestTypes.Unit.UnitTestAdapter, Microsoft.VisualStudio.QualityTools.Tips.UnitTest.Adapter, Version=9.0.0.0, Culture=neutral, PublicKeyToken=b03f5f7f11d50a3a" className="BudgeteerBusiness.Test.SubcategoryTest, BudgeteerBusiness.Test" name="addSubcategoryCategoryIDNothing" />
    </UnitTest>
    <UnitTest name="updateTransactionTransactionIDNothing" storage="c:\develop\budgeteer\budgeteerbusiness.test\bin\release\budgeteerbusiness.test.dll" id="6c103902-84a3-cdbb-97c9-1350b2df679a">
      <Css projectStructure="" iteration="" />
      <Owners>
        <Owner name="" />
      </Owners>
      <TestMethod codeBase="C:\Develop\Budgeteer\BudgeteerBusiness.Test\bin\Release\BudgeteerBusiness.Test.dll" adapterTypeName="Microsoft.VisualStudio.TestTools.TestTypes.Unit.UnitTestAdapter, Microsoft.VisualStudio.QualityTools.Tips.UnitTest.Adapter, Version=9.0.0.0, Culture=neutral, PublicKeyToken=b03f5f7f11d50a3a" className="BudgeteerBusiness.Test.TransactionTest, BudgeteerBusiness.Test" name="updateTransactionTransactionIDNothing" />
    </UnitTest>
    <UnitTest name="updateUserEmailTest" storage="c:\develop\budgeteer\budgeteerbusiness.test\bin\release\budgeteerbusiness.test.dll" id="79030625-73d7-51e1-159e-387a32e20fc3">
      <Css projectStructure="" iteration="" />
      <Owners>
        <Owner name="" />
      </Owners>
      <TestMethod codeBase="C:\Develop\Budgeteer\BudgeteerBusiness.Test\bin\Release\BudgeteerBusiness.Test.dll" adapterTypeName="Microsoft.VisualStudio.TestTools.TestTypes.Unit.UnitTestAdapter, Microsoft.VisualStudio.QualityTools.Tips.UnitTest.Adapter, Version=9.0.0.0, Culture=neutral, PublicKeyToken=b03f5f7f11d50a3a" className="BudgeteerBusiness.Test.UserTest, BudgeteerBusiness.Test" name="updateUserEmailTest" />
    </UnitTest>
    <UnitTest name="AddAccountAccountNumberMaxLen" storage="c:\develop\budgeteer\budgeteerbusiness.test\bin\release\budgeteerbusiness.test.dll" id="b1348d03-fa8d-98c0-743c-70a5fbb29395">
      <Css projectStructure="" iteration="" />
      <Owners>
        <Owner name="" />
      </Owners>
      <Execution id="1080d51c-810a-41fd-92c0-d1fd2c6f731a" />
      <TestMethod codeBase="C:\Develop\Budgeteer\BudgeteerBusiness.Test\bin\Release\BudgeteerBusiness.Test.dll" adapterTypeName="Microsoft.VisualStudio.TestTools.TestTypes.Unit.UnitTestAdapter, Microsoft.VisualStudio.QualityTools.Tips.UnitTest.Adapter, Version=9.0.0.0, Culture=neutral, PublicKeyToken=b03f5f7f11d50a3a" className="BudgeteerBusiness.Test.BankAccountTest, BudgeteerBusiness.Test" name="AddAccountAccountNumberMaxLen" />
    </UnitTest>
    <UnitTest name="updateTransactionAccountAdjust" storage="c:\develop\budgeteer\budgeteerbusiness.test\bin\release\budgeteerbusiness.test.dll" id="50fc5a28-9321-a539-d140-7388838d8a59">
      <Css projectStructure="" iteration="" />
      <Owners>
        <Owner name="" />
      </Owners>
      <TestMethod codeBase="C:\Develop\Budgeteer\BudgeteerBusiness.Test\bin\Release\BudgeteerBusiness.Test.dll" adapterTypeName="Microsoft.VisualStudio.TestTools.TestTypes.Unit.UnitTestAdapter, Microsoft.VisualStudio.QualityTools.Tips.UnitTest.Adapter, Version=9.0.0.0, Culture=neutral, PublicKeyToken=b03f5f7f11d50a3a" className="BudgeteerBusiness.Test.TransactionTest, BudgeteerBusiness.Test" name="updateTransactionAccountAdjust" />
    </UnitTest>
    <UnitTest name="DeleteAccountAccountIDNothing" storage="c:\develop\budgeteer\budgeteerbusiness.test\bin\release\budgeteerbusiness.test.dll" id="8ba97d74-e039-ca12-665d-09ebe63ca7ce">
      <Css projectStructure="" iteration="" />
      <Owners>
        <Owner name="" />
      </Owners>
      <Execution id="e8d72645-1563-4164-9c00-c50fc3d3f46c" />
      <TestMethod codeBase="C:\Develop\Budgeteer\BudgeteerBusiness.Test\bin\Release\BudgeteerBusiness.Test.dll" adapterTypeName="Microsoft.VisualStudio.TestTools.TestTypes.Unit.UnitTestAdapter, Microsoft.VisualStudio.QualityTools.Tips.UnitTest.Adapter, Version=9.0.0.0, Culture=neutral, PublicKeyToken=b03f5f7f11d50a3a" className="BudgeteerBusiness.Test.BankAccountTest, BudgeteerBusiness.Test" name="DeleteAccountAccountIDNothing" />
    </UnitTest>
    <UnitTest name="getCategoriesUserIDNothing" storage="c:\develop\budgeteer\budgeteerbusiness.test\bin\release\budgeteerbusiness.test.dll" id="63c8983e-264f-303a-d3eb-9b4d25fe86d5">
      <Css projectStructure="" iteration="" />
      <Owners>
        <Owner name="" />
      </Owners>
      <TestMethod codeBase="C:\Develop\Budgeteer\BudgeteerBusiness.Test\bin\Release\BudgeteerBusiness.Test.dll" adapterTypeName="Microsoft.VisualStudio.TestTools.TestTypes.Unit.UnitTestAdapter, Microsoft.VisualStudio.QualityTools.Tips.UnitTest.Adapter, Version=9.0.0.0, Culture=neutral, PublicKeyToken=b03f5f7f11d50a3a" className="BudgeteerBusiness.Test.CategoryTest, BudgeteerBusiness.Test" name="getCategoriesUserIDNothing" />
    </UnitTest>
    <UnitTest name="addTransactionTest" storage="c:\develop\budgeteer\budgeteerbusiness.test\bin\release\budgeteerbusiness.test.dll" id="3d809d94-db02-0e76-9c09-c3d9ec12d5fd">
      <Css projectStructure="" iteration="" />
      <Owners>
        <Owner name="" />
      </Owners>
      <TestMethod codeBase="C:\Develop\Budgeteer\BudgeteerBusiness.Test\bin\Release\BudgeteerBusiness.Test.dll" adapterTypeName="Microsoft.VisualStudio.TestTools.TestTypes.Unit.UnitTestAdapter, Microsoft.VisualStudio.QualityTools.Tips.UnitTest.Adapter, Version=9.0.0.0, Culture=neutral, PublicKeyToken=b03f5f7f11d50a3a" className="BudgeteerBusiness.Test.TransactionTest, BudgeteerBusiness.Test" name="addTransactionTest" />
    </UnitTest>
    <UnitTest name="setSettingSettingMaxLen" storage="c:\develop\budgeteer\budgeteerbusiness.test\bin\release\budgeteerbusiness.test.dll" id="5a6fb017-10b5-f179-df9d-ec95cc76a963">
      <Css projectStructure="" iteration="" />
      <Owners>
        <Owner name="" />
      </Owners>
      <Execution id="d6c31e8c-86bb-496b-95bb-781457f49eb8" />
      <TestMethod codeBase="C:\Develop\Budgeteer\BudgeteerBusiness.Test\bin\Release\BudgeteerBusiness.Test.dll" adapterTypeName="Microsoft.VisualStudio.TestTools.TestTypes.Unit.UnitTestAdapter, Microsoft.VisualStudio.QualityTools.Tips.UnitTest.Adapter, Version=9.0.0.0, Culture=neutral, PublicKeyToken=b03f5f7f11d50a3a" className="BudgeteerBusiness.Test.ApplicationSettingTest, BudgeteerBusiness.Test" name="setSettingSettingMaxLen" />
    </UnitTest>
    <UnitTest name="getTransactionsUserIDNothing" storage="c:\develop\budgeteer\budgeteerbusiness.test\bin\release\budgeteerbusiness.test.dll" id="a941f649-0f02-5cf0-9bb1-5b6a83d2daaf">
      <Css projectStructure="" iteration="" />
      <Owners>
        <Owner name="" />
      </Owners>
      <TestMethod codeBase="C:\Develop\Budgeteer\BudgeteerBusiness.Test\bin\Release\BudgeteerBusiness.Test.dll" adapterTypeName="Microsoft.VisualStudio.TestTools.TestTypes.Unit.UnitTestAdapter, Microsoft.VisualStudio.QualityTools.Tips.UnitTest.Adapter, Version=9.0.0.0, Culture=neutral, PublicKeyToken=b03f5f7f11d50a3a" className="BudgeteerBusiness.Test.TransactionTest, BudgeteerBusiness.Test" name="getTransactionsUserIDNothing" />
    </UnitTest>
    <UnitTest name="updateSubcategoryCategoryIDNothing" storage="c:\develop\budgeteer\budgeteerbusiness.test\bin\release\budgeteerbusiness.test.dll" id="6134c6ed-e8b7-288e-ff3e-b33d83bf08d0">
      <Css projectStructure="" iteration="" />
      <Owners>
        <Owner name="" />
      </Owners>
      <TestMethod codeBase="C:\Develop\Budgeteer\BudgeteerBusiness.Test\bin\Release\BudgeteerBusiness.Test.dll" adapterTypeName="Microsoft.VisualStudio.TestTools.TestTypes.Unit.UnitTestAdapter, Microsoft.VisualStudio.QualityTools.Tips.UnitTest.Adapter, Version=9.0.0.0, Culture=neutral, PublicKeyToken=b03f5f7f11d50a3a" className="BudgeteerBusiness.Test.SubcategoryTest, BudgeteerBusiness.Test" name="updateSubcategoryCategoryIDNothing" />
    </UnitTest>
    <UnitTest name="getSettingsTest" storage="c:\develop\budgeteer\budgeteerbusiness.test\bin\release\budgeteerbusiness.test.dll" id="2da17ebb-99f1-543b-1336-ba260aa88fba">
      <Css projectStructure="" iteration="" />
      <Owners>
        <Owner name="" />
      </Owners>
      <Execution id="412ddd74-791e-473a-a6df-6c39ba288cbe" />
      <TestMethod codeBase="C:\Develop\Budgeteer\BudgeteerBusiness.Test\bin\Release\BudgeteerBusiness.Test.dll" adapterTypeName="Microsoft.VisualStudio.TestTools.TestTypes.Unit.UnitTestAdapter, Microsoft.VisualStudio.QualityTools.Tips.UnitTest.Adapter, Version=9.0.0.0, Culture=neutral, PublicKeyToken=b03f5f7f11d50a3a" className="BudgeteerBusiness.Test.ApplicationSettingTest, BudgeteerBusiness.Test" name="getSettingsTest" />
    </UnitTest>
    <UnitTest name="getFrequenciesUserIDNothing" storage="c:\develop\budgeteer\budgeteerbusiness.test\bin\release\budgeteerbusiness.test.dll" id="83ec55a3-815a-67d2-b2f2-28b93a616423">
      <Css projectStructure="" iteration="" />
      <Owners>
        <Owner name="" />
      </Owners>
      <TestMethod codeBase="C:\Develop\Budgeteer\BudgeteerBusiness.Test\bin\Release\BudgeteerBusiness.Test.dll" adapterTypeName="Microsoft.VisualStudio.TestTools.TestTypes.Unit.UnitTestAdapter, Microsoft.VisualStudio.QualityTools.Tips.UnitTest.Adapter, Version=9.0.0.0, Culture=neutral, PublicKeyToken=b03f5f7f11d50a3a" className="BudgeteerBusiness.Test.FrequencyTest, BudgeteerBusiness.Test" name="getFrequenciesUserIDNothing" />
    </UnitTest>
    <UnitTest name="getSubcategorySubcategoryIDNothing" storage="c:\develop\budgeteer\budgeteerbusiness.test\bin\release\budgeteerbusiness.test.dll" id="25ed8de6-975d-2b68-5d42-088e4dc578e7">
      <Css projectStructure="" iteration="" />
      <Owners>
        <Owner name="" />
      </Owners>
      <TestMethod codeBase="C:\Develop\Budgeteer\BudgeteerBusiness.Test\bin\Release\BudgeteerBusiness.Test.dll" adapterTypeName="Microsoft.VisualStudio.TestTools.TestTypes.Unit.UnitTestAdapter, Microsoft.VisualStudio.QualityTools.Tips.UnitTest.Adapter, Version=9.0.0.0, Culture=neutral, PublicKeyToken=b03f5f7f11d50a3a" className="BudgeteerBusiness.Test.SubcategoryTest, BudgeteerBusiness.Test" name="getSubcategorySubcategoryIDNothing" />
    </UnitTest>
[...]
    </UnitTestResult>
    <UnitTestResult executionId="7f98401b-dcee-44e6-a657-c00d059e0df0" testId="0c74f04e-4ac5-b7a6-358f-741d4d504a08" testName="getTransactionsTest" computerName="TOLKIEN" duration="00:00:00" startTime="0001-01-01T00:00:00.0000000-05:00" endTime="0001-01-01T00:00:00.0000000-05:00" testType="13cdc9d9-ddb5-4fa4-a97d-d965ccfc6d4b" outcome="NotExecuted" testListId="8c84fa94-04c1-424b-9868-57a2d4851a1d">
    </UnitTestResult>
    <UnitTestResult executionId="0828b4a2-55ee-4e94-9376-b6ec9b6f6ccd" testId="a941f649-0f02-5cf0-9bb1-5b6a83d2daaf" testName="getTransactionsUserIDNothing" computerName="TOLKIEN" duration="00:00:00" startTime="0001-01-01T00:00:00.0000000-05:00" endTime="0001-01-01T00:00:00.0000000-05:00" testType="13cdc9d9-ddb5-4fa4-a97d-d965ccfc6d4b" outcome="NotExecuted" testListId="8c84fa94-04c1-424b-9868-57a2d4851a1d">
    </UnitTestResult>
    <UnitTestResult executionId="2f7332d7-faa5-4d36-a2d7-b2a2b4889751" testId="3d809d94-db02-0e76-9c09-c3d9ec12d5fd" testName="addTransactionTest" computerName="TOLKIEN" duration="00:00:00" startTime="0001-01-01T00:00:00.0000000-05:00" endTime="0001-01-01T00:00:00.0000000-05:00" testType="13cdc9d9-ddb5-4fa4-a97d-d965ccfc6d4b" outcome="NotExecuted" testListId="8c84fa94-04c1-424b-9868-57a2d4851a1d">
    </UnitTestResult>
    <UnitTestResult executionId="66fe67ff-5970-4c37-af70-f012624a8d5d" testId="028a17f3-f9c0-f73c-bbcc-8415c4c80d22" testName="addTransactionTransactionNothing" computerName="TOLKIEN" duration="00:00:00" startTime="0001-01-01T00:00:00.0000000-05:00" endTime="0001-01-01T00:00:00.0000000-05:00" testType="13cdc9d9-ddb5-4fa4-a97d-d965ccfc6d4b" outcome="NotExecuted" testListId="8c84fa94-04c1-424b-9868-57a2d4851a1d">
    </UnitTestResult>
    <UnitTestResult executionId="53645f03-095f-4cf7-a57f-511746441f28" testId="d9c74070-150a-6459-f8b5-cd6b0de2b4ec" testName="addTransactionDateNothing" computerName="TOLKIEN" duration="00:00:00" startTime="0001-01-01T00:00:00.0000000-05:00" endTime="0001-01-01T00:00:00.0000000-05:00" testType="13cdc9d9-ddb5-4fa4-a97d-d965ccfc6d4b" outcome="NotExecuted" testListId="8c84fa94-04c1-424b-9868-57a2d4851a1d">
    </UnitTestResult>
    <UnitTestResult executionId="d5e18566-491a-40d0-bb0d-111ee0945853" testId="da27e590-9f13-60c6-1ba7-9957aed51717" testName="addTransactionDescriptionNothing" computerName="TOLKIEN" duration="00:00:00" startTime="0001-01-01T00:00:00.0000000-05:00" endTime="0001-01-01T00:00:00.0000000-05:00" testType="13cdc9d9-ddb5-4fa4-a97d-d965ccfc6d4b" outcome="NotExecuted" testListId="8c84fa94-04c1-424b-9868-57a2d4851a1d">
    </UnitTestResult>
    <UnitTestResult executionId="7dbd90c5-5ca2-44fa-a78b-820a954198bc" testId="63d7ff1e-859b-98bb-e808-c5db1ec35b29" testName="addTransactionDescriptionMaxLen" computerName="TOLKIEN" duration="00:00:00" startTime="0001-01-01T00:00:00.0000000-05:00" endTime="0001-01-01T00:00:00.0000000-05:00" testType="13cdc9d9-ddb5-4fa4-a97d-d965ccfc6d4b" outcome="NotExecuted" testListId="8c84fa94-04c1-424b-9868-57a2d4851a1d">
    </UnitTestResult>
    <UnitTestResult executionId="7d93f908-fb2a-4b3b-ac80-0ac072808ae5" testId="9b270260-260c-a978-9dd4-28ae487f85d0" testName="addTransactionUserIDNothing" computerName="TOLKIEN" duration="00:00:00" startTime="0001-01-01T00:00:00.0000000-05:00" endTime="0001-01-01T00:00:00.0000000-05:00" testType="13cdc9d9-ddb5-4fa4-a97d-d965ccfc6d4b" outcome="NotExecuted" testListId="8c84fa94-04c1-424b-9868-57a2d4851a1d">
    </UnitTestResult>
    <UnitTestResult executionId="11a2fe22-ba71-4834-a65f-c9b4fe258cb5" testId="4dfbf887-b7a9-b491-3023-62dba6f89178" testName="addTransactionAccountAdjust" computerName="TOLKIEN" duration="00:00:00" startTime="0001-01-01T00:00:00.0000000-05:00" endTime="0001-01-01T00:00:00.0000000-05:00" testType="13cdc9d9-ddb5-4fa4-a97d-d965ccfc6d4b" outcome="NotExecuted" testListId="8c84fa94-04c1-424b-9868-57a2d4851a1d">
    </UnitTestResult>
    <UnitTestResult executionId="c72d5bc3-91cb-4a33-a17f-e0d3d9be9792" testId="820987f9-05ca-dae0-9f05-a0d4f3b7e230" testName="addTransactionSFSubcategoryAdjust" computerName="TOLKIEN" duration="00:00:00" startTime="0001-01-01T00:00:00.0000000-05:00" endTime="0001-01-01T00:00:00.0000000-05:00" testType="13cdc9d9-ddb5-4fa4-a97d-d965ccfc6d4b" outcome="NotExecuted" testListId="8c84fa94-04c1-424b-9868-57a2d4851a1d">
    </UnitTestResult>
    <UnitTestResult executionId="fea5bc13-ad91-4432-8659-21a3163f055f" testId="1ce94126-b660-0ac9-06d3-af2dd6c473a7" testName="updateTransactionTest" computerName="TOLKIEN" duration="00:00:00" startTime="0001-01-01T00:00:00.0000000-05:00" endTime="0001-01-01T00:00:00.0000000-05:00" testType="13cdc9d9-ddb5-4fa4-a97d-d965ccfc6d4b" outcome="NotExecuted" testListId="8c84fa94-04c1-424b-9868-57a2d4851a1d">
    </UnitTestResult>
    <UnitTestResult executionId="746b877a-9af4-43a0-8b62-d94f8411adad" testId="991140ed-32ac-a771-1bbe-e26bd691905d" testName="updateTransactionTransactionNothing" computerName="TOLKIEN" duration="00:00:00" startTime="0001-01-01T00:00:00.0000000-05:00" endTime="0001-01-01T00:00:00.0000000-05:00" testType="13cdc9d9-ddb5-4fa4-a97d-d965ccfc6d4b" outcome="NotExecuted" testListId="8c84fa94-04c1-424b-9868-57a2d4851a1d">
    </UnitTestResult>
    <UnitTestResult executionId="290e190b-882e-4422-b1a8-0eca5deb8368" testId="6c103902-84a3-cdbb-97c9-1350b2df679a" testName="updateTransactionTransactionIDNothing" computerName="TOLKIEN" duration="00:00:00" startTime="0001-01-01T00:00:00.0000000-05:00" endTime="0001-01-01T00:00:00.0000000-05:00" testType="13cdc9d9-ddb5-4fa4-a97d-d965ccfc6d4b" outcome="NotExecuted" testListId="8c84fa94-04c1-424b-9868-57a2d4851a1d">
    </UnitTestResult>
    <UnitTestResult executionId="e7e4aa58-b5f3-4ddd-9c1f-3e3245706def" testId="8f6940ee-6a05-220b-9d80-efa337ee3133" testName="updateTransactionDateNothing" computerName="TOLKIEN" duration="00:00:00" startTime="0001-01-01T00:00:00.0000000-05:00" endTime="0001-01-01T00:00:00.0000000-05:00" testType="13cdc9d9-ddb5-4fa4-a97d-d965ccfc6d4b" outcome="NotExecuted" testListId="8c84fa94-04c1-424b-9868-57a2d4851a1d">
    </UnitTestResult>
    <UnitTestResult executionId="b0782111-0a05-4da3-b036-a57480139538" testId="3ccd3f11-0213-e1b1-a3aa-1057197cac59" testName="updateTransactionDescriptionNothing" computerName="TOLKIEN" duration="00:00:00" startTime="0001-01-01T00:00:00.0000000-05:00" endTime="0001-01-01T00:00:00.0000000-05:00" testType="13cdc9d9-ddb5-4fa4-a97d-d965ccfc6d4b" outcome="NotExecuted" testListId="8c84fa94-04c1-424b-9868-57a2d4851a1d">
    </UnitTestResult>
    <UnitTestResult executionId="cf7795eb-8849-4394-a18d-2c41dfc4ae29" testId="9cf1af96-ce60-17f7-f073-8576692875a1" testName="updateTransactionDescriptionMaxLen" computerName="TOLKIEN" duration="00:00:00" startTime="0001-01-01T00:00:00.0000000-05:00" endTime="0001-01-01T00:00:00.0000000-05:00" testType="13cdc9d9-ddb5-4fa4-a97d-d965ccfc6d4b" outcome="NotExecuted" testListId="8c84fa94-04c1-424b-9868-57a2d4851a1d">
    </UnitTestResult>
    <UnitTestResult executionId="11f66935-1bcf-4a21-997d-2fb773c20ea1" testId="50fc5a28-9321-a539-d140-7388838d8a59" testName="updateTransactionAccountAdjust" computerName="TOLKIEN" duration="00:00:00" startTime="0001-01-01T00:00:00.0000000-05:00" endTime="0001-01-01T00:00:00.0000000-05:00" testType="13cdc9d9-ddb5-4fa4-a97d-d965ccfc6d4b" outcome="NotExecuted" testListId="8c84fa94-04c1-424b-9868-57a2d4851a1d">
    </UnitTestResult>
    <UnitTestResult executionId="7c28c924-c35a-465c-88d9-1ff74994e0a5" testId="ff86bab7-fe25-e542-47fe-56bd2f464b72" testName="updateTransactionSFSubcategoryAdjust" computerName="TOLKIEN" duration="00:00:00" startTime="0001-01-01T00:00:00.0000000-05:00" endTime="0001-01-01T00:00:00.0000000-05:00" testType="13cdc9d9-ddb5-4fa4-a97d-d965ccfc6d4b" outcome="NotExecuted" testListId="8c84fa94-04c1-424b-9868-57a2d4851a1d">
    </UnitTestResult>
    <UnitTestResult executionId="dfdb5b3b-f5ec-46af-a768-0e6201abb598" testId="be5b2eb0-51ec-1a02-7e30-ca7d5c29aa6f" testName="deleteTransactionTest" computerName="TOLKIEN" duration="00:00:00" startTime="0001-01-01T00:00:00.0000000-05:00" endTime="0001-01-01T00:00:00.0000000-05:00" testType="13cdc9d9-ddb5-4fa4-a97d-d965ccfc6d4b" outcome="NotExecuted" testListId="8c84fa94-04c1-424b-9868-57a2d4851a1d">
    </UnitTestResult>
    <UnitTestResult executionId="201b650c-d31d-40b5-aecd-b97ded80245c" testId="93af35c8-f5d8-78c3-8cc9-706ee5491c55" testName="deleteTransactionTransactionIDNothing" computerName="TOLKIEN" duration="00:00:00" startTime="0001-01-01T00:00:00.0000000-05:00" endTime="0001-01-01T00:00:00.0000000-05:00" testType="13cdc9d9-ddb5-4fa4-a97d-d965ccfc6d4b" outcome="NotExecuted" testListId="8c84fa94-04c1-424b-9868-57a2d4851a1d">
    </UnitTestResult>
    <UnitTestResult executionId="db22da63-7c20-4a9e-a271-93434d265a06" testId="b9d1c2ac-e386-87fb-12aa-0d8af4d9f7af" testName="deleteTransactionAccountAdjust" computerName="TOLKIEN" duration="00:00:00" startTime="0001-01-01T00:00:00.0000000-05:00" endTime="0001-01-01T00:00:00.0000000-05:00" testType="13cdc9d9-ddb5-4fa4-a97d-d965ccfc6d4b" outcome="NotExecuted" testListId="8c84fa94-04c1-424b-9868-57a2d4851a1d">
    </UnitTestResult>
    <UnitTestResult executionId="bef4a305-dcd1-415b-b255-fcbcda783d24" testId="302f161c-1a16-7195-636f-727c6d4f7cce" testName="addUserTest" computerName="TOLKIEN" duration="00:00:00" startTime="0001-01-01T00:00:00.0000000-05:00" endTime="0001-01-01T00:00:00.0000000-05:00" testType="13cdc9d9-ddb5-4fa4-a97d-d965ccfc6d4b" outcome="NotExecuted" testListId="8c84fa94-04c1-424b-9868-57a2d4851a1d">
    </UnitTestResult>
    <UnitTestResult executionId="6466d691-b844-41e2-9d65-c8241d7391eb" testId="24148662-d27c-83db-d849-dc758dd8b5f9" testName="activateUserTest" computerName="TOLKIEN" duration="00:00:00" startTime="0001-01-01T00:00:00.0000000-05:00" endTime="0001-01-01T00:00:00.0000000-05:00" testType="13cdc9d9-ddb5-4fa4-a97d-d965ccfc6d4b" outcome="NotExecuted" testListId="8c84fa94-04c1-424b-9868-57a2d4851a1d">
    </UnitTestResult>
    <UnitTestResult executionId="ca33a31a-be2d-4c42-ab50-a331615bcb74" testId="0da9cb98-0025-f1cc-5c4e-78987bd1ba0a" testName="addUserUserIDNothing" computerName="TOLKIEN" duration="00:00:00" startTime="0001-01-01T00:00:00.0000000-05:00" endTime="0001-01-01T00:00:00.0000000-05:00" testType="13cdc9d9-ddb5-4fa4-a97d-d965ccfc6d4b" outcome="NotExecuted" testListId="8c84fa94-04c1-424b-9868-57a2d4851a1d">
    </UnitTestResult>
    <UnitTestResult executionId="9632007e-2d4c-413b-aab6-cda135fbe5aa" testId="41d12651-6966-8543-ef57-0046b613ddb5" testName="addUserUserIDMaxLen" computerName="TOLKIEN" duration="00:00:00" startTime="0001-01-01T00:00:00.0000000-05:00" endTime="0001-01-01T00:00:00.0000000-05:00" testType="13cdc9d9-ddb5-4fa4-a97d-d965ccfc6d4b" outcome="NotExecuted" testListId="8c84fa94-04c1-424b-9868-57a2d4851a1d">
    </UnitTestResult>
    <UnitTestResult executionId="c4e30496-33f0-4bd6-80b8-41561e39985f" testId="4bd9796f-b636-6a7f-6857-a699f7abd7a9" testName="addUserPasswordNothing" computerName="TOLKIEN" duration="00:00:00" startTime="0001-01-01T00:00:00.0000000-05:00" endTime="0001-01-01T00:00:00.0000000-05:00" testType="13cdc9d9-ddb5-4fa4-a97d-d965ccfc6d4b" outcome="NotExecuted" testListId="8c84fa94-04c1-424b-9868-57a2d4851a1d">
    </UnitTestResult>
    <UnitTestResult executionId="2601c6c0-96b2-42d2-9728-e398c4d3404c" testId="28cb5578-a210-728f-1f2a-7829483fe9ce" testName="addUserPasswordMaxLen" computerName="TOLKIEN" duration="00:00:00" startTime="0001-01-01T00:00:00.0000000-05:00" endTime="0001-01-01T00:00:00.0000000-05:00" testType="13cdc9d9-ddb5-4fa4-a97d-d965ccfc6d4b" outcome="NotExecuted" testListId="8c84fa94-04c1-424b-9868-57a2d4851a1d">
    </UnitTestResult>
    <UnitTestResult executionId="33e0edf0-5489-4f26-a42f-586d289a3c85" testId="009665bb-5de0-8593-a32b-50bf52a35d2c" testName="addUserFirstNameNothing" computerName="TOLKIEN" duration="00:00:00" startTime="0001-01-01T00:00:00.0000000-05:00" endTime="0001-01-01T00:00:00.0000000-05:00" testType="13cdc9d9-ddb5-4fa4-a97d-d965ccfc6d4b" outcome="NotExecuted" testListId="8c84fa94-04c1-424b-9868-57a2d4851a1d">
    </UnitTestResult>
    <UnitTestResult executionId="b748d594-123d-4870-a85d-4d13b27a37f6" testId="dc51c213-5f3c-c5c3-c9fa-ea22cfaaa6b1" testName="addUserFirstNameMaxLen" computerName="TOLKIEN" duration="00:00:00" startTime="0001-01-01T00:00:00.0000000-05:00" endTime="0001-01-01T00:00:00.0000000-05:00" testType="13cdc9d9-ddb5-4fa4-a97d-d965ccfc6d4b" outcome="NotExecuted" testListId="8c84fa94-04c1-424b-9868-57a2d4851a1d">
    </UnitTestResult>
    <UnitTestResult executionId="1d3acf14-0b9e-40fd-a0ce-25f1b9a241cd" testId="5c8e58b7-4d3d-259d-a967-243af0246cbb" testName="addUserLastNameNothing" computerName="TOLKIEN" duration="00:00:00" startTime="0001-01-01T00:00:00.0000000-05:00" endTime="0001-01-01T00:00:00.0000000-05:00" testType="13cdc9d9-ddb5-4fa4-a97d-d965ccfc6d4b" outcome="NotExecuted" testListId="8c84fa94-04c1-424b-9868-57a2d4851a1d">
    </UnitTestResult>
    <UnitTestResult executionId="59c95e28-9f24-4bae-b84f-91d441f061cb" testId="d34b29c4-f075-6bcd-bac5-00d2275289a2" testName="addUserLastNameMaxLen" computerName="TOLKIEN" duration="00:00:00" startTime="0001-01-01T00:00:00.0000000-05:00" endTime="0001-01-01T00:00:00.0000000-05:00" testType="13cdc9d9-ddb5-4fa4-a97d-d965ccfc6d4b" outcome="NotExecuted" testListId="8c84fa94-04c1-424b-9868-57a2d4851a1d">
    </UnitTestResult>
    <UnitTestResult executionId="d6783a25-70ba-42ad-bcb0-9ae0d9c5b9cb" testId="90f48b05-4d4f-7605-cb20-2be7d7f85e69" testName="addUserEmailAddressNothing" computerName="TOLKIEN" duration="00:00:00" startTime="0001-01-01T00:00:00.0000000-05:00" endTime="0001-01-01T00:00:00.0000000-05:00" testType="13cdc9d9-ddb5-4fa4-a97d-d965ccfc6d4b" outcome="NotExecuted" testListId="8c84fa94-04c1-424b-9868-57a2d4851a1d">
    </UnitTestResult>
    <UnitTestResult executionId="cd69784c-7107-4e95-846b-0014f0f10ed7" testId="bcef52eb-c0c7-5e55-deaa-3ee9071fa25e" testName="addUserEmailAddressMaxLen" computerName="TOLKIEN" duration="00:00:00" startTime="0001-01-01T00:00:00.0000000-05:00" endTime="0001-01-01T00:00:00.0000000-05:00" testType="13cdc9d9-ddb5-4fa4-a97d-d965ccfc6d4b" outcome="NotExecuted" testListId="8c84fa94-04c1-424b-9868-57a2d4851a1d">
    </UnitTestResult>
    <UnitTestResult executionId="19cefe48-2748-4abd-84c2-fd0e5d8b19ac" testId="5a6ba108-477a-8826-07f4-4b3d85417087" testName="updateUserPasswordTest" computerName="TOLKIEN" duration="00:00:00" startTime="0001-01-01T00:00:00.0000000-05:00" endTime="0001-01-01T00:00:00.0000000-05:00" testType="13cdc9d9-ddb5-4fa4-a97d-d965ccfc6d4b" outcome="NotExecuted" testListId="8c84fa94-04c1-424b-9868-57a2d4851a1d">
    </UnitTestResult>
    <UnitTestResult executionId="31b0a237-ff11-446e-858e-2b36d3e741fc" testId="72470363-231e-de0f-a051-36672fd2a5cf" testName="updateUserPasswordUserIDNothing" computerName="TOLKIEN" duration="00:00:00" startTime="0001-01-01T00:00:00.0000000-05:00" endTime="0001-01-01T00:00:00.0000000-05:00" testType="13cdc9d9-ddb5-4fa4-a97d-d965ccfc6d4b" outcome="NotExecuted" testListId="8c84fa94-04c1-424b-9868-57a2d4851a1d">
    </UnitTestResult>
    <UnitTestResult executionId="00199995-55c8-42c3-adfc-52d7dc7a3240" testId="3a751831-a04a-99cb-4020-7bcb1dfdc48d" testName="updateUserPasswordUserIDMaxLen" computerName="TOLKIEN" duration="00:00:00" startTime="0001-01-01T00:00:00.0000000-05:00" endTime="0001-01-01T00:00:00.0000000-05:00" testType="13cdc9d9-ddb5-4fa4-a97d-d965ccfc6d4b" outcome="NotExecuted" testListId="8c84fa94-04c1-424b-9868-57a2d4851a1d">
    </UnitTestResult>
    <UnitTestResult executionId="4afdbef2-110b-4d41-9236-eb2e708fadf2" testId="96ea8a44-4a4b-1549-f98e-7f968bf38c44" testName="updateUserPasswordPasswordNothing" computerName="TOLKIEN" duration="00:00:00" startTime="0001-01-01T00:00:00.0000000-05:00" endTime="0001-01-01T00:00:00.0000000-05:00" testType="13cdc9d9-ddb5-4fa4-a97d-d965ccfc6d4b" outcome="NotExecuted" testListId="8c84fa94-04c1-424b-9868-57a2d4851a1d">
    </UnitTestResult>
    <UnitTestResult executionId="72e45bc2-67a2-4260-b8a9-090374c5bb2a" testId="284bf1a9-75d1-2878-109e-644bc848b2b3" testName="updateUserPasswordPasswordMaxLen" computerName="TOLKIEN" duration="00:00:00" startTime="0001-01-01T00:00:00.0000000-05:00" endTime="0001-01-01T00:00:00.0000000-05:00" testType="13cdc9d9-ddb5-4fa4-a97d-d965ccfc6d4b" outcome="NotExecuted" testListId="8c84fa94-04c1-424b-9868-57a2d4851a1d">
    </UnitTestResult>
    <UnitTestResult executionId="b0274066-3855-4fd3-9442-4ad2680b14b3" testId="79030625-73d7-51e1-159e-387a32e20fc3" testName="updateUserEmailTest" computerName="TOLKIEN" duration="00:00:00" startTime="0001-01-01T00:00:00.0000000-05:00" endTime="0001-01-01T00:00:00.0000000-05:00" testType="13cdc9d9-ddb5-4fa4-a97d-d965ccfc6d4b" outcome="NotExecuted" testListId="8c84fa94-04c1-424b-9868-57a2d4851a1d">
    </UnitTestResult>
    <UnitTestResult executionId="f980ed46-e51d-47c6-b4f9-b8035d2471ef" testId="53ff0830-cc1d-2e63-f269-a83b303e8cd9" testName="updateUserEmailAddressUserIDNothing" computerName="TOLKIEN" duration="00:00:00" startTime="0001-01-01T00:00:00.0000000-05:00" endTime="0001-01-01T00:00:00.0000000-05:00" testType="13cdc9d9-ddb5-4fa4-a97d-d965ccfc6d4b" outcome="NotExecuted" testListId="8c84fa94-04c1-424b-9868-57a2d4851a1d">
    </UnitTestResult>
    <UnitTestResult executionId="7e7c6ab6-ddf3-4aa9-b096-38ebd3649554" testId="a00f7b88-dcf5-ad47-7698-8713ba1a81ab" testName="updateUserEmailAddressUserIDMaxLen" computerName="TOLKIEN" duration="00:00:00" startTime="0001-01-01T00:00:00.0000000-05:00" endTime="0001-01-01T00:00:00.0000000-05:00" testType="13cdc9d9-ddb5-4fa4-a97d-d965ccfc6d4b" outcome="NotExecuted" testListId="8c84fa94-04c1-424b-9868-57a2d4851a1d">
    </UnitTestResult>
    <UnitTestResult executionId="600f1329-08a5-4354-a9d6-770823bdbbda" testId="80c414af-5874-d05b-df07-60a9f219452e" testName="updateUserEmailAddressEmailNothing" computerName="TOLKIEN" duration="00:00:00" startTime="0001-01-01T00:00:00.0000000-05:00" endTime="0001-01-01T00:00:00.0000000-05:00" testType="13cdc9d9-ddb5-4fa4-a97d-d965ccfc6d4b" outcome="NotExecuted" testListId="8c84fa94-04c1-424b-9868-57a2d4851a1d">
    </UnitTestResult>
    <UnitTestResult executionId="29d76604-701e-46c6-9f4f-677b325609f8" testId="fa4fde81-0c7b-6c9e-f074-31329de4ad82" testName="updateUserEmailAddressEmailMaxLen" computerName="TOLKIEN" duration="00:00:00" startTime="0001-01-01T00:00:00.0000000-05:00" endTime="0001-01-01T00:00:00.0000000-05:00" testType="13cdc9d9-ddb5-4fa4-a97d-d965ccfc6d4b" outcome="NotExecuted" testListId="8c84fa94-04c1-424b-9868-57a2d4851a1d">
    </UnitTestResult>
    <UnitTestResult executionId="78e2293e-b355-4c24-9ae9-4a81c685d4ba" testId="3313d2d0-5480-16e1-f3ac-9d93382371ba" testName="getUserTest" computerName="TOLKIEN" duration="00:00:00" startTime="0001-01-01T00:00:00.0000000-05:00" endTime="0001-01-01T00:00:00.0000000-05:00" testType="13cdc9d9-ddb5-4fa4-a97d-d965ccfc6d4b" outcome="NotExecuted" testListId="8c84fa94-04c1-424b-9868-57a2d4851a1d">
    </UnitTestResult>
    <UnitTestResult executionId="9dbc2c62-6f58-43b1-9f6e-9edbf124e15e" testId="88a752e7-5c9d-d926-4dfc-8a1be934c0f9" testName="getUserUserIDNothing" computerName="TOLKIEN" duration="00:00:00" startTime="0001-01-01T00:00:00.0000000-05:00" endTime="0001-01-01T00:00:00.0000000-05:00" testType="13cdc9d9-ddb5-4fa4-a97d-d965ccfc6d4b" outcome="NotExecuted" testListId="8c84fa94-04c1-424b-9868-57a2d4851a1d">
    </UnitTestResult>
    <UnitTestResult executionId="61ac8212-fbd5-46d7-af92-92f6e9ea08c8" testId="538dbcae-3613-3ec0-5462-011bbcef1f66" testName="getUserUserIDMaxLen" computerName="TOLKIEN" duration="00:00:00" startTime="0001-01-01T00:00:00.0000000-05:00" endTime="0001-01-01T00:00:00.0000000-05:00" testType="13cdc9d9-ddb5-4fa4-a97d-d965ccfc6d4b" outcome="NotExecuted" testListId="8c84fa94-04c1-424b-9868-57a2d4851a1d">
    </UnitTestResult>
  </Results>
</TestRun>